{"meta": {"format": 3, "version": "7.13.5", "timestamp": "2026-04-03T05:41:54.295437", "branch_coverage": false, "show_contexts": false}, "files": {"app/__init__.py": {"executed_lines": [], "summary": {"covered_lines": 0, "num_statements": 0, "percent_covered": 100.0, "percent_covered_display": "100", "missing_lines": 0, "excluded_lines": 0, "percent_statements_covered": 100.0, "percent_statements_covered_display": "100"}, "missing_lines": [], "excluded_lines": [], "functions": {"": {"executed_lines": [], "summary": {"covered_lines": 0, "num_statements": 0, "percent_covered": 100.0, "percent_covered_display": "100", "missing_lines": 0, "excluded_lines": 0, "percent_statements_covered": 100.0, "percent_statements_covered_display": "100"}, "missing_lines": [], "excluded_lines": [], "start_line": 1}}, "classes": {"": {"executed_lines": [], "summary": {"covered_lines": 0, "num_statements": 0, "percent_covered": 100.0, "percent_covered_display": "100", "missing_lines": 0, "excluded_lines": 0, "percent_statements_covered": 100.0, "percent_statements_covered_display": "100"}, "missing_lines": [], "excluded_lines": [], "start_line": 1}}}, "app/api/__init__.py": {"executed_lines": [], "summary": {"covered_lines": 0, "num_statements": 0, "percent_covered": 100.0, "percent_covered_display": "100", "missing_lines": 0, "excluded_lines": 0, "percent_statements_covered": 100.0, "percent_statements_covered_display": "100"}, "missing_lines": [], "excluded_lines": [], "functions": {"": {"executed_lines": [], "summary": {"covered_lines": 0, "num_statements": 0, "percent_covered": 100.0, "percent_covered_display": "100", "missing_lines": 0, "excluded_lines": 0, "percent_statements_covered": 100.0, "percent_statements_covered_display": "100"}, "missing_lines": [], "excluded_lines": [], "start_line": 1}}, "classes": {"": {"executed_lines": [], "summary": {"covered_lines": 0, "num_statements": 0, "percent_covered": 100.0, "percent_covered_display": "100", "missing_lines": 0, "excluded_lines": 0, "percent_statements_covered": 100.0, "percent_statements_covered_display": "100"}, "missing_lines": [], "excluded_lines": [], "start_line": 1}}}, "app/api/_validators.py": {"executed_lines": [3, 6, 8, 9, 12, 17, 19, 22, 27, 32, 37, 42, 43, 44, 45, 47, 48, 49, 50, 52, 53, 54, 55, 57, 58, 60, 62, 63, 65, 67, 72, 73, 75, 78, 79, 80, 81, 83, 84, 85, 86, 88, 89, 90, 91, 93, 94, 95, 96, 99, 100, 101, 102, 104, 105, 106, 107, 154, 156, 159, 160, 161, 164, 165, 166, 169, 172], "summary": {"covered_lines": 67, "num_statements": 120, "percent_covered": 55.833333333333336, "percent_covered_display": "56", "missing_lines": 53, "excluded_lines": 0, "percent_statements_covered": 55.833333333333336, "percent_statements_covered_display": "56"}, "missing_lines": [14, 23, 24, 25, 28, 29, 30, 33, 34, 35, 38, 39, 40, 59, 64, 68, 69, 70, 74, 110, 111, 112, 113, 115, 116, 117, 118, 120, 121, 122, 123, 126, 127, 128, 129, 131, 132, 133, 134, 136, 137, 138, 139, 141, 142, 143, 144, 146, 147, 148, 149, 151, 170], "excluded_lines": [], "functions": {"_is_valid_http_url": {"executed_lines": [8, 9], "summary": {"covered_lines": 2, "num_statements": 2, "percent_covered": 100.0, "percent_covered_display": "100", "missing_lines": 0, "excluded_lines": 0, "percent_statements_covered": 100.0, "percent_statements_covered_display": "100"}, "missing_lines": [], "excluded_lines": [], "start_line": 6}, "_sanitize_string_list": {"executed_lines": [], "summary": {"covered_lines": 0, "num_statements": 1, "percent_covered": 0.0, "percent_covered_display": "0", "missing_lines": 1, "excluded_lines": 0, "percent_statements_covered": 0.0, "percent_statements_covered_display": "0"}, "missing_lines": [14], "excluded_lines": [], "start_line": 12}, "_validate_config_value": {"executed_lines": [19, 22, 27, 32, 37, 42, 43, 44, 45, 47, 48, 49, 50, 52, 53, 54, 55, 57, 58, 60, 62, 63, 65, 67, 72, 73, 75, 78, 79, 80, 81, 83, 84, 85, 86, 88, 89, 90, 91, 93, 94, 95, 96, 99, 100, 101, 102, 104, 105, 106, 107], "summary": {"covered_lines": 51, "num_statements": 102, "percent_covered": 50.0, "percent_covered_display": "50", "missing_lines": 51, "excluded_lines": 0, "percent_statements_covered": 50.0, "percent_statements_covered_display": "50"}, "missing_lines": [23, 24, 25, 28, 29, 30, 33, 34, 35, 38, 39, 40, 59, 64, 68, 69, 70, 74, 110, 111, 112, 113, 115, 116, 117, 118, 120, 121, 122, 123, 126, 127, 128, 129, 131, 132, 133, 134, 136, 137, 138, 139, 141, 142, 143, 144, 146, 147, 148, 149, 151], "excluded_lines": [], "start_line": 17}, "_normalize_updates": {"executed_lines": [156, 159, 160, 161, 164, 165, 166, 169, 172], "summary": {"covered_lines": 9, "num_statements": 10, "percent_covered": 90.0, "percent_covered_display": "90", "missing_lines": 1, "excluded_lines": 0, "percent_statements_covered": 90.0, "percent_statements_covered_display": "90"}, "missing_lines": [170], "excluded_lines": [], "start_line": 154}, "": {"executed_lines": [3, 6, 12, 17, 154], "summary": {"covered_lines": 5, "num_statements": 5, "percent_covered": 100.0, "percent_covered_display": "100", "missing_lines": 0, "excluded_lines": 0, "percent_statements_covered": 100.0, "percent_statements_covered_display": "100"}, "missing_lines": [], "excluded_lines": [], "start_line": 1}}, "classes": {"": {"executed_lines": [3, 6, 8, 9, 12, 17, 19, 22, 27, 32, 37, 42, 43, 44, 45, 47, 48, 49, 50, 52, 53, 54, 55, 57, 58, 60, 62, 63, 65, 67, 72, 73, 75, 78, 79, 80, 81, 83, 84, 85, 86, 88, 89, 90, 91, 93, 94, 95, 96, 99, 100, 101, 102, 104, 105, 106, 107, 154, 156, 159, 160, 161, 164, 165, 166, 169, 172], "summary": {"covered_lines": 67, "num_statements": 120, "percent_covered": 55.833333333333336, "percent_covered_display": "56", "missing_lines": 53, "excluded_lines": 0, "percent_statements_covered": 55.833333333333336, "percent_statements_covered_display": "56"}, "missing_lines": [14, 23, 24, 25, 28, 29, 30, 33, 34, 35, 38, 39, 40, 59, 64, 68, 69, 70, 74, 110, 111, 112, 113, 115, 116, 117, 118, 120, 121, 122, 123, 126, 127, 128, 129, 131, 132, 133, 134, 136, 137, 138, 139, 141, 142, 143, 144, 146, 147, 148, 149, 151, 170], "excluded_lines": [], "start_line": 1}}}, "app/api/admin_users.py": {"executed_lines": [3, 5, 6, 8, 9, 10, 11, 13, 14, 21, 22, 23, 25, 28, 29, 30, 31, 32, 33, 34, 35, 36, 37, 38, 39, 40, 41, 42, 45, 46, 47, 50, 51, 52, 55, 80, 91, 92, 138, 139, 218, 219], "summary": {"covered_lines": 42, "num_statements": 86, "percent_covered": 48.83720930232558, "percent_covered_display": "49", "missing_lines": 44, "excluded_lines": 0, "percent_statements_covered": 48.83720930232558, "percent_statements_covered_display": "49"}, "missing_lines": [62, 81, 88, 97, 98, 112, 127, 146, 147, 152, 153, 154, 156, 157, 162, 163, 168, 169, 174, 175, 176, 179, 180, 185, 186, 187, 189, 190, 192, 193, 195, 196, 197, 199, 209, 210, 225, 226, 227, 229, 230, 235, 236, 237], "excluded_lines": [], "functions": {"_serialize_admin_user": {"executed_lines": [], "summary": {"covered_lines": 0, "num_statements": 1, "percent_covered": 0.0, "percent_covered_display": "0", "missing_lines": 1, "excluded_lines": 0, "percent_statements_covered": 0.0, "percent_statements_covered_display": "0"}, "missing_lines": [62], "excluded_lines": [], "start_line": 55}, "_count_other_active_admins": {"executed_lines": [], "summary": {"covered_lines": 0, "num_statements": 2, "percent_covered": 0.0, "percent_covered_display": "0", "missing_lines": 2, "excluded_lines": 0, "percent_statements_covered": 0.0, "percent_statements_covered_display": "0"}, "missing_lines": [81, 88], "excluded_lines": [], "start_line": 80}, "list_admin_users": {"executed_lines": [], "summary": {"covered_lines": 0, "num_statements": 4, "percent_covered": 0.0, "percent_covered_display": "0", "missing_lines": 4, "excluded_lines": 0, "percent_statements_covered": 0.0, "percent_statements_covered_display": "0"}, "missing_lines": [97, 98, 112, 127], "excluded_lines": [], "start_line": 92}, "update_admin_user": {"executed_lines": [], "summary": {"covered_lines": 0, "num_statements": 29, "percent_covered": 0.0, "percent_covered_display": "0", "missing_lines": 29, "excluded_lines": 0, "percent_statements_covered": 0.0, "percent_statements_covered_display": "0"}, "missing_lines": [146, 147, 152, 153, 154, 156, 157, 162, 163, 168, 169, 174, 175, 176, 179, 180, 185, 186, 187, 189, 190, 192, 193, 195, 196, 197, 199, 209, 210], "excluded_lines": [], "start_line": 139}, "revoke_admin_user_sessions": {"executed_lines": [], "summary": {"covered_lines": 0, "num_statements": 8, "percent_covered": 0.0, "percent_covered_display": "0", "missing_lines": 8, "excluded_lines": 0, "percent_statements_covered": 0.0, "percent_statements_covered_display": "0"}, "missing_lines": [225, 226, 227, 229, 230, 235, 236, 237], "excluded_lines": [], "start_line": 219}, "": {"executed_lines": [3, 5, 6, 8, 9, 10, 11, 13, 14, 21, 22, 23, 25, 28, 29, 30, 31, 32, 33, 34, 35, 36, 37, 38, 39, 40, 41, 42, 45, 46, 47, 50, 51, 52, 55, 80, 91, 92, 138, 139, 218, 219], "summary": {"covered_lines": 42, "num_statements": 42, "percent_covered": 100.0, "percent_covered_display": "100", "missing_lines": 0, "excluded_lines": 0, "percent_statements_covered": 100.0, "percent_statements_covered_display": "100"}, "missing_lines": [], "excluded_lines": [], "start_line": 1}}, "classes": {"AdminUserSummary": {"executed_lines": [], "summary": {"covered_lines": 0, "num_statements": 0, "percent_covered": 100.0, "percent_covered_display": "100", "missing_lines": 0, "excluded_lines": 0, "percent_statements_covered": 100.0, "percent_statements_covered_display": "100"}, "missing_lines": [], "excluded_lines": [], "start_line": 28}, "AdminUserUpdateRequest": {"executed_lines": [], "summary": {"covered_lines": 0, "num_statements": 0, "percent_covered": 100.0, "percent_covered_display": "100", "missing_lines": 0, "excluded_lines": 0, "percent_statements_covered": 100.0, "percent_statements_covered_display": "100"}, "missing_lines": [], "excluded_lines": [], "start_line": 45}, "RevokeUserSessionsResponse": {"executed_lines": [], "summary": {"covered_lines": 0, "num_statements": 0, "percent_covered": 100.0, "percent_covered_display": "100", "missing_lines": 0, "excluded_lines": 0, "percent_statements_covered": 100.0, "percent_statements_covered_display": "100"}, "missing_lines": [], "excluded_lines": [], "start_line": 50}, "": {"executed_lines": [3, 5, 6, 8, 9, 10, 11, 13, 14, 21, 22, 23, 25, 28, 29, 30, 31, 32, 33, 34, 35, 36, 37, 38, 39, 40, 41, 42, 45, 46, 47, 50, 51, 52, 55, 80, 91, 92, 138, 139, 218, 219], "summary": {"covered_lines": 42, "num_statements": 86, "percent_covered": 48.83720930232558, "percent_covered_display": "49", "missing_lines": 44, "excluded_lines": 0, "percent_statements_covered": 48.83720930232558, "percent_statements_covered_display": "49"}, "missing_lines": [62, 81, 88, 97, 98, 112, 127, 146, 147, 152, 153, 154, 156, 157, 162, 163, 168, 169, 174, 175, 176, 179, 180, 185, 186, 187, 189, 190, 192, 193, 195, 196, 197, 199, 209, 210, 225, 226, 227, 229, 230, 235, 236, 237], "excluded_lines": [], "start_line": 1}}}, "app/api/auth.py": {"executed_lines": [3, 5, 6, 7, 8, 10, 11, 12, 13, 14, 15, 16, 18, 19, 20, 21, 22, 29, 34, 35, 36, 41, 42, 44, 45, 47, 48, 49, 52, 55, 56, 57, 60, 63, 64, 65, 66, 69, 72, 73, 74, 77, 80, 81, 82, 85, 86, 87, 88, 89, 90, 91, 92, 93, 94, 95, 96, 99, 100, 101, 102, 105, 115, 121, 145, 177, 178, 179, 185, 191, 192, 199, 200, 201, 202, 207, 209, 210, 211, 212, 213, 214, 215, 216, 218, 219, 220, 221, 222, 223, 224, 225, 227, 228, 235, 236, 241, 248, 249, 251, 252, 256, 257, 273, 274, 377, 378, 478, 479, 508, 509, 572, 573, 645, 646, 659, 660, 696, 697, 727, 728], "summary": {"covered_lines": 121, "num_statements": 287, "percent_covered": 42.1602787456446, "percent_covered_display": "42", "missing_lines": 166, "excluded_lines": 0, "percent_statements_covered": 42.1602787456446, "percent_statements_covered_display": "42"}, "missing_lines": [106, 107, 116, 117, 118, 131, 142, 146, 147, 148, 150, 151, 152, 153, 154, 159, 164, 166, 167, 168, 169, 170, 171, 172, 173, 174, 186, 193, 194, 259, 261, 262, 264, 266, 280, 281, 282, 291, 292, 297, 298, 299, 304, 305, 306, 315, 316, 321, 323, 332, 333, 336, 338, 345, 354, 356, 367, 368, 374, 384, 385, 387, 388, 390, 391, 400, 401, 406, 407, 416, 417, 422, 423, 432, 433, 438, 445, 454, 456, 467, 468, 474, 481, 482, 483, 488, 489, 490, 492, 493, 494, 495, 500, 501, 502, 503, 504, 505, 515, 516, 517, 522, 523, 524, 528, 537, 538, 543, 544, 550, 559, 561, 562, 563, 569, 580, 581, 582, 586, 587, 592, 593, 594, 595, 596, 601, 602, 603, 604, 605, 606, 610, 611, 612, 617, 631, 632, 633, 639, 640, 641, 642, 651, 652, 653, 654, 655, 656, 665, 670, 671, 672, 703, 709, 710, 711, 713, 714, 715, 719, 720, 733, 736, 738, 739, 749], "excluded_lines": [], "functions": {"_build_cookie_kwargs": {"executed_lines": [], "summary": {"covered_lines": 0, "num_statements": 2, "percent_covered": 0.0, "percent_covered_display": "0", "missing_lines": 2, "excluded_lines": 0, "percent_statements_covered": 0.0, "percent_statements_covered_display": "0"}, "missing_lines": [106, 107], "excluded_lines": [], "start_line": 105}, "_sanitize_next_path": {"executed_lines": [], "summary": {"covered_lines": 0, "num_statements": 3, "percent_covered": 0.0, "percent_covered_display": "0", "missing_lines": 3, "excluded_lines": 0, "percent_statements_covered": 0.0, "percent_statements_covered_display": "0"}, "missing_lines": [116, 117, 118], "excluded_lines": [], "start_line": 115}, "_record_auth_audit": {"executed_lines": [], "summary": {"covered_lines": 0, "num_statements": 2, "percent_covered": 0.0, "percent_covered_display": "0", "missing_lines": 2, "excluded_lines": 0, "percent_statements_covered": 0.0, "percent_statements_covered_display": "0"}, "missing_lines": [131, 142], "excluded_lines": [], "start_line": 121}, "_get_or_create_break_glass_user": {"executed_lines": [], "summary": {"covered_lines": 0, "num_statements": 19, "percent_covered": 0.0, "percent_covered_display": "0", "missing_lines": 19, "excluded_lines": 0, "percent_statements_covered": 0.0, "percent_statements_covered_display": "0"}, "missing_lines": [146, 147, 148, 150, 151, 152, 153, 154, 159, 164, 166, 167, 168, 169, 170, 171, 172, 173, 174], "excluded_lines": [], "start_line": 145}, "_upsert_user": {"executed_lines": [178, 179, 185, 191, 192, 199, 200, 201, 202, 207, 209, 210, 211, 212, 213, 214, 215, 216, 218, 219, 220, 221, 222, 223, 224, 225, 227, 228, 235, 236, 241, 248, 249, 251, 252], "summary": {"covered_lines": 35, "num_statements": 38, "percent_covered": 92.10526315789474, "percent_covered_display": "92", "missing_lines": 3, "excluded_lines": 0, "percent_statements_covered": 92.10526315789474, "percent_statements_covered_display": "92"}, "missing_lines": [186, 193, 194], "excluded_lines": [], "start_line": 177}, "get_bootstrap_status": {"executed_lines": [], "summary": {"covered_lines": 0, "num_statements": 5, "percent_covered": 0.0, "percent_covered_display": "0", "missing_lines": 5, "excluded_lines": 0, "percent_statements_covered": 0.0, "percent_statements_covered_display": "0"}, "missing_lines": [259, 261, 262, 264, 266], "excluded_lines": [], "start_line": 257}, "local_register": {"executed_lines": [], "summary": {"covered_lines": 0, "num_statements": 25, "percent_covered": 0.0, "percent_covered_display": "0", "missing_lines": 25, "excluded_lines": 0, "percent_statements_covered": 0.0, "percent_statements_covered_display": "0"}, "missing_lines": [280, 281, 282, 291, 292, 297, 298, 299, 304, 305, 306, 315, 316, 321, 323, 332, 333, 336, 338, 345, 354, 356, 367, 368, 374], "excluded_lines": [], "start_line": 274}, "local_login": {"executed_lines": [], "summary": {"covered_lines": 0, "num_statements": 23, "percent_covered": 0.0, "percent_covered_display": "0", "missing_lines": 23, "excluded_lines": 0, "percent_statements_covered": 0.0, "percent_statements_covered_display": "0"}, "missing_lines": [384, 385, 387, 388, 390, 391, 400, 401, 406, 407, 416, 417, 422, 423, 432, 433, 438, 445, 454, 456, 467, 468, 474], "excluded_lines": [], "start_line": 378}, "login": {"executed_lines": [], "summary": {"covered_lines": 0, "num_statements": 16, "percent_covered": 0.0, "percent_covered_display": "0", "missing_lines": 16, "excluded_lines": 0, "percent_statements_covered": 0.0, "percent_statements_covered_display": "0"}, "missing_lines": [481, 482, 483, 488, 489, 490, 492, 493, 494, 495, 500, 501, 502, 503, 504, 505], "excluded_lines": [], "start_line": 479}, "break_glass_login": {"executed_lines": [], "summary": {"covered_lines": 0, "num_statements": 17, "percent_covered": 0.0, "percent_covered_display": "0", "missing_lines": 17, "excluded_lines": 0, "percent_statements_covered": 0.0, "percent_statements_covered_display": "0"}, "missing_lines": [515, 516, 517, 522, 523, 524, 528, 537, 538, 543, 544, 550, 559, 561, 562, 563, 569], "excluded_lines": [], "start_line": 509}, "callback": {"executed_lines": [], "summary": {"covered_lines": 0, "num_statements": 27, "percent_covered": 0.0, "percent_covered_display": "0", "missing_lines": 27, "excluded_lines": 0, "percent_statements_covered": 0.0, "percent_statements_covered_display": "0"}, "missing_lines": [580, 581, 582, 586, 587, 592, 593, 594, 595, 596, 601, 602, 603, 604, 605, 606, 610, 611, 612, 617, 631, 632, 633, 639, 640, 641, 642], "excluded_lines": [], "start_line": 573}, "logout": {"executed_lines": [], "summary": {"covered_lines": 0, "num_statements": 6, "percent_covered": 0.0, "percent_covered_display": "0", "missing_lines": 6, "excluded_lines": 0, "percent_statements_covered": 0.0, "percent_statements_covered_display": "0"}, "missing_lines": [651, 652, 653, 654, 655, 656], "excluded_lines": [], "start_line": 646}, "list_sessions": {"executed_lines": [], "summary": {"covered_lines": 0, "num_statements": 4, "percent_covered": 0.0, "percent_covered_display": "0", "missing_lines": 4, "excluded_lines": 0, "percent_statements_covered": 0.0, "percent_statements_covered_display": "0"}, "missing_lines": [665, 670, 671, 672], "excluded_lines": [], "start_line": 660}, "revoke_session": {"executed_lines": [], "summary": {"covered_lines": 0, "num_statements": 9, "percent_covered": 0.0, "percent_covered_display": "0", "missing_lines": 9, "excluded_lines": 0, "percent_statements_covered": 0.0, "percent_statements_covered_display": "0"}, "missing_lines": [703, 709, 710, 711, 713, 714, 715, 719, 720], "excluded_lines": [], "start_line": 697}, "me": {"executed_lines": [], "summary": {"covered_lines": 0, "num_statements": 5, "percent_covered": 0.0, "percent_covered_display": "0", "missing_lines": 5, "excluded_lines": 0, "percent_statements_covered": 0.0, "percent_statements_covered_display": "0"}, "missing_lines": [733, 736, 738, 739, 749], "excluded_lines": [], "start_line": 728}, "": {"executed_lines": [3, 5, 6, 7, 8, 10, 11, 12, 13, 14, 15, 16, 18, 19, 20, 21, 22, 29, 34, 35, 36, 41, 42, 44, 45, 47, 48, 49, 52, 55, 56, 57, 60, 63, 64, 65, 66, 69, 72, 73, 74, 77, 80, 81, 82, 85, 86, 87, 88, 89, 90, 91, 92, 93, 94, 95, 96, 99, 100, 101, 102, 105, 115, 121, 145, 177, 256, 257, 273, 274, 377, 378, 478, 479, 508, 509, 572, 573, 645, 646, 659, 660, 696, 697, 727, 728], "summary": {"covered_lines": 86, "num_statements": 86, "percent_covered": 100.0, "percent_covered_display": "100", "missing_lines": 0, "excluded_lines": 0, "percent_statements_covered": 100.0, "percent_statements_covered_display": "100"}, "missing_lines": [], "excluded_lines": [], "start_line": 1}}, "classes": {"LocalLoginRequestBody": {"executed_lines": [], "summary": {"covered_lines": 0, "num_statements": 0, "percent_covered": 100.0, "percent_covered_display": "100", "missing_lines": 0, "excluded_lines": 0, "percent_statements_covered": 100.0, "percent_statements_covered_display": "100"}, "missing_lines": [], "excluded_lines": [], "start_line": 52}, "LocalRegisterRequestBody": {"executed_lines": [], "summary": {"covered_lines": 0, "num_statements": 0, "percent_covered": 100.0, "percent_covered_display": "100", "missing_lines": 0, "excluded_lines": 0, "percent_statements_covered": 100.0, "percent_statements_covered_display": "100"}, "missing_lines": [], "excluded_lines": [], "start_line": 60}, "BootstrapStatusResponse": {"executed_lines": [], "summary": {"covered_lines": 0, "num_statements": 0, "percent_covered": 100.0, "percent_covered_display": "100", "missing_lines": 0, "excluded_lines": 0, "percent_statements_covered": 100.0, "percent_statements_covered_display": "100"}, "missing_lines": [], "excluded_lines": [], "start_line": 69}, "LocalLoginResponse": {"executed_lines": [], "summary": {"covered_lines": 0, "num_statements": 0, "percent_covered": 100.0, "percent_covered_display": "100", "missing_lines": 0, "excluded_lines": 0, "percent_statements_covered": 100.0, "percent_statements_covered_display": "100"}, "missing_lines": [], "excluded_lines": [], "start_line": 77}, "SessionInfoResponse": {"executed_lines": [], "summary": {"covered_lines": 0, "num_statements": 0, "percent_covered": 100.0, "percent_covered_display": "100", "missing_lines": 0, "excluded_lines": 0, "percent_statements_covered": 100.0, "percent_statements_covered_display": "100"}, "missing_lines": [], "excluded_lines": [], "start_line": 85}, "RevokeSessionResponse": {"executed_lines": [], "summary": {"covered_lines": 0, "num_statements": 0, "percent_covered": 100.0, "percent_covered_display": "100", "missing_lines": 0, "excluded_lines": 0, "percent_statements_covered": 100.0, "percent_statements_covered_display": "100"}, "missing_lines": [], "excluded_lines": [], "start_line": 99}, "": {"executed_lines": [3, 5, 6, 7, 8, 10, 11, 12, 13, 14, 15, 16, 18, 19, 20, 21, 22, 29, 34, 35, 36, 41, 42, 44, 45, 47, 48, 49, 52, 55, 56, 57, 60, 63, 64, 65, 66, 69, 72, 73, 74, 77, 80, 81, 82, 85, 86, 87, 88, 89, 90, 91, 92, 93, 94, 95, 96, 99, 100, 101, 102, 105, 115, 121, 145, 177, 178, 179, 185, 191, 192, 199, 200, 201, 202, 207, 209, 210, 211, 212, 213, 214, 215, 216, 218, 219, 220, 221, 222, 223, 224, 225, 227, 228, 235, 236, 241, 248, 249, 251, 252, 256, 257, 273, 274, 377, 378, 478, 479, 508, 509, 572, 573, 645, 646, 659, 660, 696, 697, 727, 728], "summary": {"covered_lines": 121, "num_statements": 287, "percent_covered": 42.1602787456446, "percent_covered_display": "42", "missing_lines": 166, "excluded_lines": 0, "percent_statements_covered": 42.1602787456446, "percent_statements_covered_display": "42"}, "missing_lines": [106, 107, 116, 117, 118, 131, 142, 146, 147, 148, 150, 151, 152, 153, 154, 159, 164, 166, 167, 168, 169, 170, 171, 172, 173, 174, 186, 193, 194, 259, 261, 262, 264, 266, 280, 281, 282, 291, 292, 297, 298, 299, 304, 305, 306, 315, 316, 321, 323, 332, 333, 336, 338, 345, 354, 356, 367, 368, 374, 384, 385, 387, 388, 390, 391, 400, 401, 406, 407, 416, 417, 422, 423, 432, 433, 438, 445, 454, 456, 467, 468, 474, 481, 482, 483, 488, 489, 490, 492, 493, 494, 495, 500, 501, 502, 503, 504, 505, 515, 516, 517, 522, 523, 524, 528, 537, 538, 543, 544, 550, 559, 561, 562, 563, 569, 580, 581, 582, 586, 587, 592, 593, 594, 595, 596, 601, 602, 603, 604, 605, 606, 610, 611, 612, 617, 631, 632, 633, 639, 640, 641, 642, 651, 652, 653, 654, 655, 656, 665, 670, 671, 672, 703, 709, 710, 711, 713, 714, 715, 719, 720, 733, 736, 738, 739, 749], "excluded_lines": [], "start_line": 1}}}, "app/api/config.py": {"executed_lines": [3, 5, 6, 8, 9, 10, 12, 13, 14, 15, 21, 22, 25, 28, 29, 32, 34, 35, 36, 37, 38, 39, 40, 41, 42, 43, 44, 47, 49, 50, 51, 52, 53, 54, 55, 56, 57, 58, 59, 60, 63, 65, 66, 67, 70, 72, 73, 74, 77, 78, 93, 94, 95, 102, 122, 123, 132, 133, 245, 246], "summary": {"covered_lines": 60, "num_statements": 155, "percent_covered": 38.70967741935484, "percent_covered_display": "39", "missing_lines": 95, "excluded_lines": 0, "percent_statements_covered": 38.70967741935484, "percent_statements_covered_display": "39"}, "missing_lines": [104, 105, 106, 107, 108, 109, 110, 111, 112, 113, 115, 116, 128, 129, 139, 142, 143, 144, 147, 148, 149, 151, 152, 153, 154, 156, 157, 158, 159, 160, 161, 163, 164, 165, 167, 168, 169, 170, 171, 172, 175, 176, 177, 180, 181, 183, 184, 185, 186, 187, 188, 189, 191, 192, 193, 194, 196, 197, 198, 199, 200, 201, 204, 205, 206, 209, 210, 211, 213, 214, 215, 216, 217, 221, 222, 223, 224, 226, 227, 228, 230, 231, 232, 234, 235, 236, 237, 238, 239, 241, 242, 251, 252, 253, 254], "excluded_lines": [], "functions": {"_serialize_auth_config": {"executed_lines": [78], "summary": {"covered_lines": 1, "num_statements": 1, "percent_covered": 100.0, "percent_covered_display": "100", "missing_lines": 0, "excluded_lines": 0, "percent_statements_covered": 100.0, "percent_statements_covered_display": "100"}, "missing_lines": [], "excluded_lines": [], "start_line": 77}, "_serialize_effective_config": {"executed_lines": [94, 95], "summary": {"covered_lines": 2, "num_statements": 2, "percent_covered": 100.0, "percent_covered_display": "100", "missing_lines": 0, "excluded_lines": 0, "percent_statements_covered": 100.0, "percent_statements_covered_display": "100"}, "missing_lines": [], "excluded_lines": [], "start_line": 93}, "_validate_oidc_ready": {"executed_lines": [], "summary": {"covered_lines": 0, "num_statements": 12, "percent_covered": 0.0, "percent_covered_display": "0", "missing_lines": 12, "excluded_lines": 0, "percent_statements_covered": 0.0, "percent_statements_covered_display": "0"}, "missing_lines": [104, 105, 106, 107, 108, 109, 110, 111, 112, 113, 115, 116], "excluded_lines": [], "start_line": 102}, "get_config": {"executed_lines": [], "summary": {"covered_lines": 0, "num_statements": 2, "percent_covered": 0.0, "percent_covered_display": "0", "missing_lines": 2, "excluded_lines": 0, "percent_statements_covered": 0.0, "percent_statements_covered_display": "0"}, "missing_lines": [128, 129], "excluded_lines": [], "start_line": 123}, "update_config": {"executed_lines": [], "summary": {"covered_lines": 0, "num_statements": 77, "percent_covered": 0.0, "percent_covered_display": "0", "missing_lines": 77, "excluded_lines": 0, "percent_statements_covered": 0.0, "percent_statements_covered_display": "0"}, "missing_lines": [139, 142, 143, 144, 147, 148, 149, 151, 152, 153, 154, 156, 157, 158, 159, 160, 161, 163, 164, 165, 167, 168, 169, 170, 171, 172, 175, 176, 177, 180, 181, 183, 184, 185, 186, 187, 188, 189, 191, 192, 193, 194, 196, 197, 198, 199, 200, 201, 204, 205, 206, 209, 210, 211, 213, 214, 215, 216, 217, 221, 222, 223, 224, 226, 227, 228, 230, 231, 232, 234, 235, 236, 237, 238, 239, 241, 242], "excluded_lines": [], "start_line": 133}, "reset_config": {"executed_lines": [], "summary": {"covered_lines": 0, "num_statements": 4, "percent_covered": 0.0, "percent_covered_display": "0", "missing_lines": 4, "excluded_lines": 0, "percent_statements_covered": 0.0, "percent_statements_covered_display": "0"}, "missing_lines": [251, 252, 253, 254], "excluded_lines": [], "start_line": 246}, "": {"executed_lines": [3, 5, 6, 8, 9, 10, 12, 13, 14, 15, 21, 22, 25, 28, 29, 32, 34, 35, 36, 37, 38, 39, 40, 41, 42, 43, 44, 47, 49, 50, 51, 52, 53, 54, 55, 56, 57, 58, 59, 60, 63, 65, 66, 67, 70, 72, 73, 74, 77, 93, 102, 122, 123, 132, 133, 245, 246], "summary": {"covered_lines": 57, "num_statements": 57, "percent_covered": 100.0, "percent_covered_display": "100", "missing_lines": 0, "excluded_lines": 0, "percent_statements_covered": 100.0, "percent_statements_covered_display": "100"}, "missing_lines": [], "excluded_lines": [], "start_line": 1}}, "classes": {"AuthConfigSection": {"executed_lines": [], "summary": {"covered_lines": 0, "num_statements": 0, "percent_covered": 100.0, "percent_covered_display": "100", "missing_lines": 0, "excluded_lines": 0, "percent_statements_covered": 100.0, "percent_statements_covered_display": "100"}, "missing_lines": [], "excluded_lines": [], "start_line": 32}, "AuthConfigUpdate": {"executed_lines": [], "summary": {"covered_lines": 0, "num_statements": 0, "percent_covered": 100.0, "percent_covered_display": "100", "missing_lines": 0, "excluded_lines": 0, "percent_statements_covered": 100.0, "percent_statements_covered_display": "100"}, "missing_lines": [], "excluded_lines": [], "start_line": 47}, "ConfigResponse": {"executed_lines": [], "summary": {"covered_lines": 0, "num_statements": 0, "percent_covered": 100.0, "percent_covered_display": "100", "missing_lines": 0, "excluded_lines": 0, "percent_statements_covered": 100.0, "percent_statements_covered_display": "100"}, "missing_lines": [], "excluded_lines": [], "start_line": 63}, "ConfigUpdate": {"executed_lines": [], "summary": {"covered_lines": 0, "num_statements": 0, "percent_covered": 100.0, "percent_covered_display": "100", "missing_lines": 0, "excluded_lines": 0, "percent_statements_covered": 100.0, "percent_statements_covered_display": "100"}, "missing_lines": [], "excluded_lines": [], "start_line": 70}, "": {"executed_lines": [3, 5, 6, 8, 9, 10, 12, 13, 14, 15, 21, 22, 25, 28, 29, 32, 34, 35, 36, 37, 38, 39, 40, 41, 42, 43, 44, 47, 49, 50, 51, 52, 53, 54, 55, 56, 57, 58, 59, 60, 63, 65, 66, 67, 70, 72, 73, 74, 77, 78, 93, 94, 95, 102, 122, 123, 132, 133, 245, 246], "summary": {"covered_lines": 60, "num_statements": 155, "percent_covered": 38.70967741935484, "percent_covered_display": "39", "missing_lines": 95, "excluded_lines": 0, "percent_statements_covered": 38.70967741935484, "percent_statements_covered_display": "39"}, "missing_lines": [104, 105, 106, 107, 108, 109, 110, 111, 112, 113, 115, 116, 128, 129, 139, 142, 143, 144, 147, 148, 149, 151, 152, 153, 154, 156, 157, 158, 159, 160, 161, 163, 164, 165, 167, 168, 169, 170, 171, 172, 175, 176, 177, 180, 181, 183, 184, 185, 186, 187, 188, 189, 191, 192, 193, 194, 196, 197, 198, 199, 200, 201, 204, 205, 206, 209, 210, 211, 213, 214, 215, 216, 217, 221, 222, 223, 224, 226, 227, 228, 230, 231, 232, 234, 235, 236, 237, 238, 239, 241, 242, 251, 252, 253, 254], "excluded_lines": [], "start_line": 1}}}, "app/api/config_integration.py": {"executed_lines": [3, 5, 6, 7, 9, 10, 11, 12, 14, 15, 16, 18, 19, 20, 21, 23, 24, 27, 29, 30, 31, 32, 35, 37, 38, 39, 40, 41, 42, 43, 46, 47, 50, 51, 52, 53, 56, 57, 65, 79, 99, 113, 114, 153, 154], "summary": {"covered_lines": 45, "num_statements": 86, "percent_covered": 52.325581395348834, "percent_covered_display": "52", "missing_lines": 41, "excluded_lines": 0, "percent_statements_covered": 52.325581395348834, "percent_statements_covered_display": "52"}, "missing_lines": [70, 71, 73, 74, 75, 76, 81, 82, 83, 88, 89, 90, 91, 92, 93, 94, 95, 96, 101, 102, 106, 107, 120, 121, 122, 125, 126, 127, 129, 132, 134, 135, 136, 137, 138, 139, 144, 146, 161, 163, 164], "excluded_lines": [], "functions": {"_serialize_integration_config": {"executed_lines": [57], "summary": {"covered_lines": 1, "num_statements": 1, "percent_covered": 100.0, "percent_covered_display": "100", "missing_lines": 0, "excluded_lines": 0, "percent_statements_covered": 100.0, "percent_statements_covered_display": "100"}, "missing_lines": [], "excluded_lines": [], "start_line": 56}, "_build_preview_settings_with_integration": {"executed_lines": [], "summary": {"covered_lines": 0, "num_statements": 6, "percent_covered": 0.0, "percent_covered_display": "0", "missing_lines": 6, "excluded_lines": 0, "percent_statements_covered": 0.0, "percent_statements_covered_display": "0"}, "missing_lines": [70, 71, 73, 74, 75, 76], "excluded_lines": [], "start_line": 65}, "_normalize_integration_updates": {"executed_lines": [], "summary": {"covered_lines": 0, "num_statements": 12, "percent_covered": 0.0, "percent_covered_display": "0", "missing_lines": 12, "excluded_lines": 0, "percent_statements_covered": 0.0, "percent_statements_covered_display": "0"}, "missing_lines": [81, 82, 83, 88, 89, 90, 91, 92, 93, 94, 95, 96], "excluded_lines": [], "start_line": 79}, "_validate_gitlab_integration": {"executed_lines": [], "summary": {"covered_lines": 0, "num_statements": 4, "percent_covered": 0.0, "percent_covered_display": "0", "missing_lines": 4, "excluded_lines": 0, "percent_statements_covered": 0.0, "percent_statements_covered_display": "0"}, "missing_lines": [101, 102, 106, 107], "excluded_lines": [], "start_line": 99}, "test_gitlab_config": {"executed_lines": [], "summary": {"covered_lines": 0, "num_statements": 16, "percent_covered": 0.0, "percent_covered_display": "0", "missing_lines": 16, "excluded_lines": 0, "percent_statements_covered": 0.0, "percent_statements_covered_display": "0"}, "missing_lines": [120, 121, 122, 125, 126, 127, 129, 132, 134, 135, 136, 137, 138, 139, 144, 146], "excluded_lines": [], "start_line": 114}, "invalidate_project_cache": {"executed_lines": [], "summary": {"covered_lines": 0, "num_statements": 3, "percent_covered": 0.0, "percent_covered_display": "0", "missing_lines": 3, "excluded_lines": 0, "percent_statements_covered": 0.0, "percent_statements_covered_display": "0"}, "missing_lines": [161, 163, 164], "excluded_lines": [], "start_line": 154}, "": {"executed_lines": [3, 5, 6, 7, 9, 10, 11, 12, 14, 15, 16, 18, 19, 20, 21, 23, 24, 27, 29, 30, 31, 32, 35, 37, 38, 39, 40, 41, 42, 43, 46, 47, 50, 51, 52, 53, 56, 65, 79, 99, 113, 114, 153, 154], "summary": {"covered_lines": 44, "num_statements": 44, "percent_covered": 100.0, "percent_covered_display": "100", "missing_lines": 0, "excluded_lines": 0, "percent_statements_covered": 100.0, "percent_statements_covered_display": "100"}, "missing_lines": [], "excluded_lines": [], "start_line": 1}}, "classes": {"IntegrationConfigSection": {"executed_lines": [], "summary": {"covered_lines": 0, "num_statements": 0, "percent_covered": 100.0, "percent_covered_display": "100", "missing_lines": 0, "excluded_lines": 0, "percent_statements_covered": 100.0, "percent_statements_covered_display": "100"}, "missing_lines": [], "excluded_lines": [], "start_line": 27}, "IntegrationConfigUpdate": {"executed_lines": [], "summary": {"covered_lines": 0, "num_statements": 0, "percent_covered": 100.0, "percent_covered_display": "100", "missing_lines": 0, "excluded_lines": 0, "percent_statements_covered": 100.0, "percent_statements_covered_display": "100"}, "missing_lines": [], "excluded_lines": [], "start_line": 35}, "GitLabConfigTestRequest": {"executed_lines": [], "summary": {"covered_lines": 0, "num_statements": 0, "percent_covered": 100.0, "percent_covered_display": "100", "missing_lines": 0, "excluded_lines": 0, "percent_statements_covered": 100.0, "percent_statements_covered_display": "100"}, "missing_lines": [], "excluded_lines": [], "start_line": 46}, "GitLabConfigTestResponse": {"executed_lines": [], "summary": {"covered_lines": 0, "num_statements": 0, "percent_covered": 100.0, "percent_covered_display": "100", "missing_lines": 0, "excluded_lines": 0, "percent_statements_covered": 100.0, "percent_statements_covered_display": "100"}, "missing_lines": [], "excluded_lines": [], "start_line": 50}, "": {"executed_lines": [3, 5, 6, 7, 9, 10, 11, 12, 14, 15, 16, 18, 19, 20, 21, 23, 24, 27, 29, 30, 31, 32, 35, 37, 38, 39, 40, 41, 42, 43, 46, 47, 50, 51, 52, 53, 56, 57, 65, 79, 99, 113, 114, 153, 154], "summary": {"covered_lines": 45, "num_statements": 86, "percent_covered": 52.325581395348834, "percent_covered_display": "52", "missing_lines": 41, "excluded_lines": 0, "percent_statements_covered": 52.325581395348834, "percent_statements_covered_display": "52"}, "missing_lines": [70, 71, 73, 74, 75, 76, 81, 82, 83, 88, 89, 90, 91, 92, 93, 94, 95, 96, 101, 102, 106, 107, 120, 121, 122, 125, 126, 127, 129, 132, 134, 135, 136, 137, 138, 139, 144, 146, 161, 163, 164], "excluded_lines": [], "start_line": 1}}}, "app/api/config_runtime.py": {"executed_lines": [3, 5, 6, 8, 9, 10, 12, 13, 14, 15, 16, 17, 24, 25, 28, 30, 31, 32, 33, 34, 35, 36, 37, 38, 39, 40, 41, 42, 43, 44, 45, 46, 47, 48, 51, 53, 54, 55, 56, 57, 58, 59, 60, 61, 62, 63, 64, 65, 66, 67, 68, 69, 70, 71, 72, 73, 76, 77, 100, 102, 103, 105, 106, 108, 111, 113, 114, 115, 119, 121, 122, 123, 127, 129, 137, 138, 143, 145, 153, 161, 162, 163, 169, 170, 171, 175, 210, 212, 213, 214, 217, 218, 221, 222, 227, 228, 231, 232, 238, 240, 244, 245, 247, 249, 251, 254, 255, 256, 257, 259, 263, 267, 271, 274, 275], "summary": {"covered_lines": 115, "num_statements": 156, "percent_covered": 73.71794871794872, "percent_covered_display": "74", "missing_lines": 41, "excluded_lines": 0, "percent_statements_covered": 73.71794871794872, "percent_statements_covered_display": "74"}, "missing_lines": [107, 130, 131, 135, 139, 146, 147, 151, 154, 155, 159, 167, 177, 178, 179, 183, 185, 186, 187, 191, 193, 200, 201, 205, 207, 215, 216, 250, 252, 260, 261, 264, 265, 268, 269, 281, 282, 287, 288, 289, 290], "excluded_lines": [], "functions": {"_serialize_runtime_config": {"executed_lines": [77], "summary": {"covered_lines": 1, "num_statements": 1, "percent_covered": 100.0, "percent_covered_display": "100", "missing_lines": 0, "excluded_lines": 0, "percent_statements_covered": 100.0, "percent_statements_covered_display": "100"}, "missing_lines": [], "excluded_lines": [], "start_line": 76}, "_build_preview_settings": {"executed_lines": [102, 103, 105, 106, 108], "summary": {"covered_lines": 5, "num_statements": 6, "percent_covered": 83.33333333333333, "percent_covered_display": "83", "missing_lines": 1, "excluded_lines": 0, "percent_statements_covered": 83.33333333333333, "percent_statements_covered_display": "83"}, "missing_lines": [107], "excluded_lines": [], "start_line": 100}, "_validate_config_value": {"executed_lines": [113, 114, 115, 119, 121, 122, 123, 127, 129, 137, 138, 143, 145, 153, 161, 162, 163, 169, 170, 171, 175], "summary": {"covered_lines": 21, "num_statements": 45, "percent_covered": 46.666666666666664, "percent_covered_display": "47", "missing_lines": 24, "excluded_lines": 0, "percent_statements_covered": 46.666666666666664, "percent_statements_covered_display": "47"}, "missing_lines": [130, 131, 135, 139, 146, 147, 151, 154, 155, 159, 167, 177, 178, 179, 183, 185, 186, 187, 191, 193, 200, 201, 205, 207], "excluded_lines": [], "start_line": 111}, "_normalize_runtime_updates": {"executed_lines": [212, 213, 214, 217, 218], "summary": {"covered_lines": 5, "num_statements": 7, "percent_covered": 71.42857142857143, "percent_covered_display": "71", "missing_lines": 2, "excluded_lines": 0, "percent_statements_covered": 71.42857142857143, "percent_statements_covered_display": "71"}, "missing_lines": [215, 216], "excluded_lines": [], "start_line": 210}, "get_runtime_config": {"executed_lines": [227, 228], "summary": {"covered_lines": 2, "num_statements": 2, "percent_covered": 100.0, "percent_covered_display": "100", "missing_lines": 0, "excluded_lines": 0, "percent_statements_covered": 100.0, "percent_statements_covered_display": "100"}, "missing_lines": [], "excluded_lines": [], "start_line": 222}, "update_runtime_config": {"executed_lines": [238, 240, 244, 245, 247, 249, 251, 254, 255, 256, 257, 259, 263, 267, 271], "summary": {"covered_lines": 15, "num_statements": 23, "percent_covered": 65.21739130434783, "percent_covered_display": "65", "missing_lines": 8, "excluded_lines": 0, "percent_statements_covered": 65.21739130434783, "percent_statements_covered_display": "65"}, "missing_lines": [250, 252, 260, 261, 264, 265, 268, 269], "excluded_lines": [], "start_line": 232}, "reset_runtime_config_key": {"executed_lines": [], "summary": {"covered_lines": 0, "num_statements": 6, "percent_covered": 0.0, "percent_covered_display": "0", "missing_lines": 6, "excluded_lines": 0, "percent_statements_covered": 0.0, "percent_statements_covered_display": "0"}, "missing_lines": [281, 282, 287, 288, 289, 290], "excluded_lines": [], "start_line": 275}, "": {"executed_lines": [3, 5, 6, 8, 9, 10, 12, 13, 14, 15, 16, 17, 24, 25, 28, 30, 31, 32, 33, 34, 35, 36, 37, 38, 39, 40, 41, 42, 43, 44, 45, 46, 47, 48, 51, 53, 54, 55, 56, 57, 58, 59, 60, 61, 62, 63, 64, 65, 66, 67, 68, 69, 70, 71, 72, 73, 76, 100, 111, 210, 221, 222, 231, 232, 274, 275], "summary": {"covered_lines": 66, "num_statements": 66, "percent_covered": 100.0, "percent_covered_display": "100", "missing_lines": 0, "excluded_lines": 0, "percent_statements_covered": 100.0, "percent_statements_covered_display": "100"}, "missing_lines": [], "excluded_lines": [], "start_line": 1}}, "classes": {"RuntimeConfigSection": {"executed_lines": [], "summary": {"covered_lines": 0, "num_statements": 0, "percent_covered": 100.0, "percent_covered_display": "100", "missing_lines": 0, "excluded_lines": 0, "percent_statements_covered": 100.0, "percent_statements_covered_display": "100"}, "missing_lines": [], "excluded_lines": [], "start_line": 28}, "RuntimeConfigUpdate": {"executed_lines": [], "summary": {"covered_lines": 0, "num_statements": 0, "percent_covered": 100.0, "percent_covered_display": "100", "missing_lines": 0, "excluded_lines": 0, "percent_statements_covered": 100.0, "percent_statements_covered_display": "100"}, "missing_lines": [], "excluded_lines": [], "start_line": 51}, "": {"executed_lines": [3, 5, 6, 8, 9, 10, 12, 13, 14, 15, 16, 17, 24, 25, 28, 30, 31, 32, 33, 34, 35, 36, 37, 38, 39, 40, 41, 42, 43, 44, 45, 46, 47, 48, 51, 53, 54, 55, 56, 57, 58, 59, 60, 61, 62, 63, 64, 65, 66, 67, 68, 69, 70, 71, 72, 73, 76, 77, 100, 102, 103, 105, 106, 108, 111, 113, 114, 115, 119, 121, 122, 123, 127, 129, 137, 138, 143, 145, 153, 161, 162, 163, 169, 170, 171, 175, 210, 212, 213, 214, 217, 218, 221, 222, 227, 228, 231, 232, 238, 240, 244, 245, 247, 249, 251, 254, 255, 256, 257, 259, 263, 267, 271, 274, 275], "summary": {"covered_lines": 115, "num_statements": 156, "percent_covered": 73.71794871794872, "percent_covered_display": "74", "missing_lines": 41, "excluded_lines": 0, "percent_statements_covered": 73.71794871794872, "percent_statements_covered_display": "74"}, "missing_lines": [107, 130, 131, 135, 139, 146, 147, 151, 154, 155, 159, 167, 177, 178, 179, 183, 185, 186, 187, 191, 193, 200, 201, 205, 207, 215, 216, 250, 252, 260, 261, 264, 265, 268, 269, 281, 282, 287, 288, 289, 290], "excluded_lines": [], "start_line": 1}}}, "app/api/containers.py": {"executed_lines": [3, 4, 5, 6, 7, 9, 10, 11, 12, 14, 15, 16, 17, 18, 19, 21, 22, 23, 25, 28, 29, 98, 99, 179, 180], "summary": {"covered_lines": 25, "num_statements": 105, "percent_covered": 23.80952380952381, "percent_covered_display": "24", "missing_lines": 80, "excluded_lines": 0, "percent_statements_covered": 23.80952380952381, "percent_statements_covered_display": "24"}, "missing_lines": [42, 44, 45, 46, 52, 54, 55, 58, 59, 60, 62, 63, 64, 65, 66, 67, 68, 69, 71, 76, 78, 88, 89, 90, 95, 111, 112, 113, 116, 117, 118, 119, 121, 122, 123, 124, 125, 126, 128, 129, 130, 132, 133, 134, 137, 138, 146, 147, 148, 150, 151, 152, 153, 154, 155, 156, 157, 158, 159, 160, 162, 164, 165, 166, 168, 195, 196, 198, 199, 204, 205, 211, 212, 213, 214, 215, 216, 222, 223, 224], "excluded_lines": [], "functions": {"list_containers": {"executed_lines": [], "summary": {"covered_lines": 0, "num_statements": 25, "percent_covered": 0.0, "percent_covered_display": "0", "missing_lines": 25, "excluded_lines": 0, "percent_statements_covered": 0.0, "percent_statements_covered_display": "0"}, "missing_lines": [42, 44, 45, 46, 52, 54, 55, 58, 59, 60, 62, 63, 64, 65, 66, 67, 68, 69, 71, 76, 78, 88, 89, 90, 95], "excluded_lines": [], "start_line": 29}, "get_container_logs": {"executed_lines": [], "summary": {"covered_lines": 0, "num_statements": 2, "percent_covered": 0.0, "percent_covered_display": "0", "missing_lines": 2, "excluded_lines": 0, "percent_statements_covered": 0.0, "percent_statements_covered_display": "0"}, "missing_lines": [111, 168], "excluded_lines": [], "start_line": 99}, "get_container_logs.generate_logs": {"executed_lines": [], "summary": {"covered_lines": 0, "num_statements": 38, "percent_covered": 0.0, "percent_covered_display": "0", "missing_lines": 38, "excluded_lines": 0, "percent_statements_covered": 0.0, "percent_statements_covered_display": "0"}, "missing_lines": [112, 113, 116, 117, 118, 119, 121, 122, 123, 124, 125, 126, 128, 129, 130, 132, 133, 134, 137, 138, 146, 147, 148, 150, 151, 152, 153, 154, 155, 156, 157, 158, 159, 160, 162, 164, 165, 166], "excluded_lines": [], "start_line": 111}, "get_task_container_logs": {"executed_lines": [], "summary": {"covered_lines": 0, "num_statements": 15, "percent_covered": 0.0, "percent_covered_display": "0", "missing_lines": 15, "excluded_lines": 0, "percent_statements_covered": 0.0, "percent_statements_covered_display": "0"}, "missing_lines": [195, 196, 198, 199, 204, 205, 211, 212, 213, 214, 215, 216, 222, 223, 224], "excluded_lines": [], "start_line": 180}, "": {"executed_lines": [3, 4, 5, 6, 7, 9, 10, 11, 12, 14, 15, 16, 17, 18, 19, 21, 22, 23, 25, 28, 29, 98, 99, 179, 180], "summary": {"covered_lines": 25, "num_statements": 25, "percent_covered": 100.0, "percent_covered_display": "100", "missing_lines": 0, "excluded_lines": 0, "percent_statements_covered": 100.0, "percent_statements_covered_display": "100"}, "missing_lines": [], "excluded_lines": [], "start_line": 1}}, "classes": {"": {"executed_lines": [3, 4, 5, 6, 7, 9, 10, 11, 12, 14, 15, 16, 17, 18, 19, 21, 22, 23, 25, 28, 29, 98, 99, 179, 180], "summary": {"covered_lines": 25, "num_statements": 105, "percent_covered": 23.80952380952381, "percent_covered_display": "24", "missing_lines": 80, "excluded_lines": 0, "percent_statements_covered": 23.80952380952381, "percent_statements_covered_display": "24"}, "missing_lines": [42, 44, 45, 46, 52, 54, 55, 58, 59, 60, 62, 63, 64, 65, 66, 67, 68, 69, 71, 76, 78, 88, 89, 90, 95, 111, 112, 113, 116, 117, 118, 119, 121, 122, 123, 124, 125, 126, 128, 129, 130, 132, 133, 134, 137, 138, 146, 147, 148, 150, 151, 152, 153, 154, 155, 156, 157, 158, 159, 160, 162, 164, 165, 166, 168, 195, 196, 198, 199, 204, 205, 211, 212, 213, 214, 215, 216, 222, 223, 224], "excluded_lines": [], "start_line": 1}}}, "app/api/mattermost.py": {"executed_lines": [3, 5, 6, 7, 9, 10, 11, 12, 14, 15, 16, 28, 29, 30, 31, 37, 38, 41, 43, 44, 47, 49, 50, 51, 54, 56, 59, 61, 62, 65, 67, 68, 69, 70, 71, 72, 73, 74, 75, 76, 77, 78, 81, 83, 84, 85, 86, 87, 88, 89, 90, 91, 93, 94, 95, 96, 97, 98, 100, 103, 106, 107, 108, 110, 113, 114, 121, 124, 126, 127, 130, 132, 135, 148, 169, 170, 179, 180, 206, 207, 239, 240, 264, 265, 294, 295], "summary": {"covered_lines": 86, "num_statements": 162, "percent_covered": 53.08641975308642, "percent_covered_display": "53", "missing_lines": 76, "excluded_lines": 0, "percent_statements_covered": 53.08641975308642, "percent_statements_covered_display": "53"}, "missing_lines": [101, 104, 109, 111, 115, 117, 118, 119, 137, 138, 139, 140, 141, 142, 144, 145, 152, 153, 156, 157, 175, 176, 186, 187, 188, 190, 191, 192, 193, 195, 196, 197, 199, 200, 201, 203, 213, 214, 216, 217, 218, 219, 221, 222, 230, 231, 236, 246, 257, 258, 259, 260, 261, 272, 273, 274, 279, 280, 281, 282, 283, 284, 285, 286, 287, 288, 289, 290, 291, 301, 302, 303, 307, 308, 309, 310], "excluded_lines": [], "functions": {"MattermostNotificationProfileInput.validate_profile": {"executed_lines": [95, 96, 97, 98, 100, 103, 106, 107, 108, 110, 113, 114, 121], "summary": {"covered_lines": 13, "num_statements": 21, "percent_covered": 61.904761904761905, "percent_covered_display": "62", "missing_lines": 8, "excluded_lines": 0, "percent_statements_covered": 61.904761904761905, "percent_statements_covered_display": "62"}, "missing_lines": [101, 104, 109, 111, 115, 117, 118, 119], "excluded_lines": [], "start_line": 94}, "_normalize_updates": {"executed_lines": [], "summary": {"covered_lines": 0, "num_statements": 8, "percent_covered": 0.0, "percent_covered_display": "0", "missing_lines": 8, "excluded_lines": 0, "percent_statements_covered": 0.0, "percent_statements_covered_display": "0"}, "missing_lines": [137, 138, 139, 140, 141, 142, 144, 145], "excluded_lines": [], "start_line": 135}, "_serialize_mattermost_notification_config": {"executed_lines": [], "summary": {"covered_lines": 0, "num_statements": 4, "percent_covered": 0.0, "percent_covered_display": "0", "missing_lines": 4, "excluded_lines": 0, "percent_statements_covered": 0.0, "percent_statements_covered_display": "0"}, "missing_lines": [152, 153, 156, 157], "excluded_lines": [], "start_line": 148}, "get_mattermost_notification_config": {"executed_lines": [], "summary": {"covered_lines": 0, "num_statements": 2, "percent_covered": 0.0, "percent_covered_display": "0", "missing_lines": 2, "excluded_lines": 0, "percent_statements_covered": 0.0, "percent_statements_covered_display": "0"}, "missing_lines": [175, 176], "excluded_lines": [], "start_line": 170}, "update_mattermost_notification_integration": {"executed_lines": [], "summary": {"covered_lines": 0, "num_statements": 14, "percent_covered": 0.0, "percent_covered_display": "0", "missing_lines": 14, "excluded_lines": 0, "percent_statements_covered": 0.0, "percent_statements_covered_display": "0"}, "missing_lines": [186, 187, 188, 190, 191, 192, 193, 195, 196, 197, 199, 200, 201, 203], "excluded_lines": [], "start_line": 180}, "test_mattermost_notification_integration": {"executed_lines": [], "summary": {"covered_lines": 0, "num_statements": 11, "percent_covered": 0.0, "percent_covered_display": "0", "missing_lines": 11, "excluded_lines": 0, "percent_statements_covered": 0.0, "percent_statements_covered_display": "0"}, "missing_lines": [213, 214, 216, 217, 218, 219, 221, 222, 230, 231, 236], "excluded_lines": [], "start_line": 207}, "create_mattermost_notification_profile": {"executed_lines": [], "summary": {"covered_lines": 0, "num_statements": 6, "percent_covered": 0.0, "percent_covered_display": "0", "missing_lines": 6, "excluded_lines": 0, "percent_statements_covered": 0.0, "percent_statements_covered_display": "0"}, "missing_lines": [246, 257, 258, 259, 260, 261], "excluded_lines": [], "start_line": 240}, "update_mattermost_notification_profile": {"executed_lines": [], "summary": {"covered_lines": 0, "num_statements": 16, "percent_covered": 0.0, "percent_covered_display": "0", "missing_lines": 16, "excluded_lines": 0, "percent_statements_covered": 0.0, "percent_statements_covered_display": "0"}, "missing_lines": [272, 273, 274, 279, 280, 281, 282, 283, 284, 285, 286, 287, 288, 289, 290, 291], "excluded_lines": [], "start_line": 265}, "delete_mattermost_notification_profile": {"executed_lines": [], "summary": {"covered_lines": 0, "num_statements": 7, "percent_covered": 0.0, "percent_covered_display": "0", "missing_lines": 7, "excluded_lines": 0, "percent_statements_covered": 0.0, "percent_statements_covered_display": "0"}, "missing_lines": [301, 302, 303, 307, 308, 309, 310], "excluded_lines": [], "start_line": 295}, "": {"executed_lines": [3, 5, 6, 7, 9, 10, 11, 12, 14, 15, 16, 28, 29, 30, 31, 37, 38, 41, 43, 44, 47, 49, 50, 51, 54, 56, 59, 61, 62, 65, 67, 68, 69, 70, 71, 72, 73, 74, 75, 76, 77, 78, 81, 83, 84, 85, 86, 87, 88, 89, 90, 91, 93, 94, 124, 126, 127, 130, 132, 135, 148, 169, 170, 179, 180, 206, 207, 239, 240, 264, 265, 294, 295], "summary": {"covered_lines": 73, "num_statements": 73, "percent_covered": 100.0, "percent_covered_display": "100", "missing_lines": 0, "excluded_lines": 0, "percent_statements_covered": 100.0, "percent_statements_covered_display": "100"}, "missing_lines": [], "excluded_lines": [], "start_line": 1}}, "classes": {"MattermostIntegrationConfigSection": {"executed_lines": [], "summary": {"covered_lines": 0, "num_statements": 0, "percent_covered": 100.0, "percent_covered_display": "100", "missing_lines": 0, "excluded_lines": 0, "percent_statements_covered": 100.0, "percent_statements_covered_display": "100"}, "missing_lines": [], "excluded_lines": [], "start_line": 41}, "MattermostIntegrationUpdate": {"executed_lines": [], "summary": {"covered_lines": 0, "num_statements": 0, "percent_covered": 100.0, "percent_covered_display": "100", "missing_lines": 0, "excluded_lines": 0, "percent_statements_covered": 100.0, "percent_statements_covered_display": "100"}, "missing_lines": [], "excluded_lines": [], "start_line": 47}, "MattermostConnectionTestRequest": {"executed_lines": [], "summary": {"covered_lines": 0, "num_statements": 0, "percent_covered": 100.0, "percent_covered_display": "100", "missing_lines": 0, "excluded_lines": 0, "percent_statements_covered": 100.0, "percent_statements_covered_display": "100"}, "missing_lines": [], "excluded_lines": [], "start_line": 54}, "MattermostConnectionTestResponse": {"executed_lines": [], "summary": {"covered_lines": 0, "num_statements": 0, "percent_covered": 100.0, "percent_covered_display": "100", "missing_lines": 0, "excluded_lines": 0, "percent_statements_covered": 100.0, "percent_statements_covered_display": "100"}, "missing_lines": [], "excluded_lines": [], "start_line": 59}, "MattermostNotificationProfileResponse": {"executed_lines": [], "summary": {"covered_lines": 0, "num_statements": 0, "percent_covered": 100.0, "percent_covered_display": "100", "missing_lines": 0, "excluded_lines": 0, "percent_statements_covered": 100.0, "percent_statements_covered_display": "100"}, "missing_lines": [], "excluded_lines": [], "start_line": 65}, "MattermostNotificationProfileInput": {"executed_lines": [95, 96, 97, 98, 100, 103, 106, 107, 108, 110, 113, 114, 121], "summary": {"covered_lines": 13, "num_statements": 21, "percent_covered": 61.904761904761905, "percent_covered_display": "62", "missing_lines": 8, "excluded_lines": 0, "percent_statements_covered": 61.904761904761905, "percent_statements_covered_display": "62"}, "missing_lines": [101, 104, 109, 111, 115, 117, 118, 119], "excluded_lines": [], "start_line": 81}, "MattermostNotificationConfigResponse": {"executed_lines": [], "summary": {"covered_lines": 0, "num_statements": 0, "percent_covered": 100.0, "percent_covered_display": "100", "missing_lines": 0, "excluded_lines": 0, "percent_statements_covered": 100.0, "percent_statements_covered_display": "100"}, "missing_lines": [], "excluded_lines": [], "start_line": 124}, "DeleteResponse": {"executed_lines": [], "summary": {"covered_lines": 0, "num_statements": 0, "percent_covered": 100.0, "percent_covered_display": "100", "missing_lines": 0, "excluded_lines": 0, "percent_statements_covered": 100.0, "percent_statements_covered_display": "100"}, "missing_lines": [], "excluded_lines": [], "start_line": 130}, "": {"executed_lines": [3, 5, 6, 7, 9, 10, 11, 12, 14, 15, 16, 28, 29, 30, 31, 37, 38, 41, 43, 44, 47, 49, 50, 51, 54, 56, 59, 61, 62, 65, 67, 68, 69, 70, 71, 72, 73, 74, 75, 76, 77, 78, 81, 83, 84, 85, 86, 87, 88, 89, 90, 91, 93, 94, 124, 126, 127, 130, 132, 135, 148, 169, 170, 179, 180, 206, 207, 239, 240, 264, 265, 294, 295], "summary": {"covered_lines": 73, "num_statements": 141, "percent_covered": 51.773049645390074, "percent_covered_display": "52", "missing_lines": 68, "excluded_lines": 0, "percent_statements_covered": 51.773049645390074, "percent_statements_covered_display": "52"}, "missing_lines": [137, 138, 139, 140, 141, 142, 144, 145, 152, 153, 156, 157, 175, 176, 186, 187, 188, 190, 191, 192, 193, 195, 196, 197, 199, 200, 201, 203, 213, 214, 216, 217, 218, 219, 221, 222, 230, 231, 236, 246, 257, 258, 259, 260, 261, 272, 273, 274, 279, 280, 281, 282, 283, 284, 285, 286, 287, 288, 289, 290, 291, 301, 302, 303, 307, 308, 309, 310], "excluded_lines": [], "start_line": 1}}}, "app/api/oidc.py": {"executed_lines": [3, 5, 6, 7, 9, 10, 11, 12, 14, 15, 16, 17, 24, 25, 26, 27, 30, 32, 33, 36, 38, 39, 50, 53, 66, 67, 69, 70, 71, 72, 73, 74, 77, 78, 82, 83, 85, 86, 88, 89, 91, 92, 96, 99, 100, 101, 102, 103, 106, 107, 108, 113, 114, 122, 125, 126, 129, 130, 131, 132, 133, 134, 135, 136, 139, 140, 141, 142, 143, 144, 145, 146, 147, 148, 149, 150, 151, 152, 153, 154, 155, 156, 157, 158, 161, 162, 179, 180, 183, 199, 200, 201, 202, 204, 205, 206, 217, 228, 229], "summary": {"covered_lines": 99, "num_statements": 154, "percent_covered": 64.28571428571429, "percent_covered_display": "64", "missing_lines": 55, "excluded_lines": 0, "percent_statements_covered": 64.28571428571429, "percent_statements_covered_display": "64"}, "missing_lines": [40, 41, 42, 43, 44, 45, 46, 47, 49, 55, 56, 57, 58, 60, 61, 62, 63, 182, 186, 187, 190, 193, 211, 212, 234, 235, 236, 237, 238, 239, 240, 241, 242, 244, 245, 246, 247, 248, 249, 250, 258, 259, 260, 268, 269, 278, 279, 288, 297, 305, 318, 319, 324, 325, 327], "excluded_lines": [], "functions": {"_normalize_updates": {"executed_lines": [38, 39, 50], "summary": {"covered_lines": 3, "num_statements": 12, "percent_covered": 25.0, "percent_covered_display": "25", "missing_lines": 9, "excluded_lines": 0, "percent_statements_covered": 25.0, "percent_statements_covered_display": "25"}, "missing_lines": [40, 41, 42, 43, 44, 45, 46, 47, 49], "excluded_lines": [], "start_line": 36}, "_build_preview_settings": {"executed_lines": [], "summary": {"covered_lines": 0, "num_statements": 8, "percent_covered": 0.0, "percent_covered_display": "0", "missing_lines": 8, "excluded_lines": 0, "percent_statements_covered": 0.0, "percent_statements_covered_display": "0"}, "missing_lines": [55, 56, 57, 58, 60, 61, 62, 63], "excluded_lines": [], "start_line": 53}, "_build_oidc_diagnostics_warnings": {"executed_lines": [67, 69, 70, 71, 72, 73, 74, 77, 78, 82, 83, 85, 86, 88, 89, 91, 92, 96], "summary": {"covered_lines": 18, "num_statements": 18, "percent_covered": 100.0, "percent_covered_display": "100", "missing_lines": 0, "excluded_lines": 0, "percent_statements_covered": 100.0, "percent_statements_covered_display": "100"}, "missing_lines": [], "excluded_lines": [], "start_line": 66}, "_build_endpoint_checks": {"executed_lines": [107, 108, 113, 114, 122], "summary": {"covered_lines": 5, "num_statements": 5, "percent_covered": 100.0, "percent_covered_display": "100", "missing_lines": 0, "excluded_lines": 0, "percent_statements_covered": 100.0, "percent_statements_covered_display": "100"}, "missing_lines": [], "excluded_lines": [], "start_line": 106}, "test_oidc_config": {"executed_lines": [179, 180, 183, 199, 200, 201, 202, 204, 205, 206, 217], "summary": {"covered_lines": 11, "num_statements": 18, "percent_covered": 61.111111111111114, "percent_covered_display": "61", "missing_lines": 7, "excluded_lines": 0, "percent_statements_covered": 61.111111111111114, "percent_statements_covered_display": "61"}, "missing_lines": [182, 186, 187, 190, 193, 211, 212], "excluded_lines": [], "start_line": 162}, "get_oidc_diagnostics": {"executed_lines": [], "summary": {"covered_lines": 0, "num_statements": 31, "percent_covered": 0.0, "percent_covered_display": "0", "missing_lines": 31, "excluded_lines": 0, "percent_statements_covered": 0.0, "percent_statements_covered_display": "0"}, "missing_lines": [234, 235, 236, 237, 238, 239, 240, 241, 242, 244, 245, 246, 247, 248, 249, 250, 258, 259, 260, 268, 269, 278, 279, 288, 297, 305, 318, 319, 324, 325, 327], "excluded_lines": [], "start_line": 229}, "": {"executed_lines": [3, 5, 6, 7, 9, 10, 11, 12, 14, 15, 16, 17, 24, 25, 26, 27, 30, 32, 33, 36, 53, 66, 99, 100, 101, 102, 103, 106, 125, 126, 129, 130, 131, 132, 133, 134, 135, 136, 139, 140, 141, 142, 143, 144, 145, 146, 147, 148, 149, 150, 151, 152, 153, 154, 155, 156, 157, 158, 161, 162, 228, 229], "summary": {"covered_lines": 62, "num_statements": 62, "percent_covered": 100.0, "percent_covered_display": "100", "missing_lines": 0, "excluded_lines": 0, "percent_statements_covered": 100.0, "percent_statements_covered_display": "100"}, "missing_lines": [], "excluded_lines": [], "start_line": 1}}, "classes": {"OIDCDiagnosticsCheck": {"executed_lines": [], "summary": {"covered_lines": 0, "num_statements": 0, "percent_covered": 100.0, "percent_covered_display": "100", "missing_lines": 0, "excluded_lines": 0, "percent_statements_covered": 100.0, "percent_statements_covered_display": "100"}, "missing_lines": [], "excluded_lines": [], "start_line": 99}, "OIDCConfigTestRequest": {"executed_lines": [], "summary": {"covered_lines": 0, "num_statements": 0, "percent_covered": 100.0, "percent_covered_display": "100", "missing_lines": 0, "excluded_lines": 0, "percent_statements_covered": 100.0, "percent_statements_covered_display": "100"}, "missing_lines": [], "excluded_lines": [], "start_line": 125}, "OIDCConfigTestResponse": {"executed_lines": [], "summary": {"covered_lines": 0, "num_statements": 0, "percent_covered": 100.0, "percent_covered_display": "100", "missing_lines": 0, "excluded_lines": 0, "percent_statements_covered": 100.0, "percent_statements_covered_display": "100"}, "missing_lines": [], "excluded_lines": [], "start_line": 129}, "OIDCDiagnosticsResponse": {"executed_lines": [], "summary": {"covered_lines": 0, "num_statements": 0, "percent_covered": 100.0, "percent_covered_display": "100", "missing_lines": 0, "excluded_lines": 0, "percent_statements_covered": 100.0, "percent_statements_covered_display": "100"}, "missing_lines": [], "excluded_lines": [], "start_line": 139}, "": {"executed_lines": [3, 5, 6, 7, 9, 10, 11, 12, 14, 15, 16, 17, 24, 25, 26, 27, 30, 32, 33, 36, 38, 39, 50, 53, 66, 67, 69, 70, 71, 72, 73, 74, 77, 78, 82, 83, 85, 86, 88, 89, 91, 92, 96, 99, 100, 101, 102, 103, 106, 107, 108, 113, 114, 122, 125, 126, 129, 130, 131, 132, 133, 134, 135, 136, 139, 140, 141, 142, 143, 144, 145, 146, 147, 148, 149, 150, 151, 152, 153, 154, 155, 156, 157, 158, 161, 162, 179, 180, 183, 199, 200, 201, 202, 204, 205, 206, 217, 228, 229], "summary": {"covered_lines": 99, "num_statements": 154, "percent_covered": 64.28571428571429, "percent_covered_display": "64", "missing_lines": 55, "excluded_lines": 0, "percent_statements_covered": 64.28571428571429, "percent_statements_covered_display": "64"}, "missing_lines": [40, 41, 42, 43, 44, 45, 46, 47, 49, 55, 56, 57, 58, 60, 61, 62, 63, 182, 186, 187, 190, 193, 211, 212, 234, 235, 236, 237, 238, 239, 240, 241, 242, 244, 245, 246, 247, 248, 249, 250, 258, 259, 260, 268, 269, 278, 279, 288, 297, 305, 318, 319, 324, 325, 327], "excluded_lines": [], "start_line": 1}}}, "app/api/project_webhooks.py": {"executed_lines": [3, 5, 6, 7, 8, 10, 11, 12, 13, 14, 16, 17, 18, 19, 20, 25, 27, 28, 31, 32, 33, 34, 37, 38, 39, 40, 41, 42, 43, 46, 47, 48, 49, 50, 51, 52, 53, 54, 55, 56, 57, 58, 59, 60, 63, 64, 65, 70, 73, 74, 75, 77, 78, 79, 80, 84, 87, 98, 99, 100, 101, 103, 104, 105, 106, 107, 108, 109, 110, 111, 113, 114, 115, 116, 117, 119, 121, 139, 140, 182, 183, 225, 226], "summary": {"covered_lines": 83, "num_statements": 144, "percent_covered": 57.638888888888886, "percent_covered_display": "58", "missing_lines": 61, "excluded_lines": 0, "percent_statements_covered": 57.638888888888886, "percent_statements_covered_display": "58"}, "missing_lines": [66, 76, 118, 146, 147, 148, 149, 150, 151, 152, 154, 155, 156, 157, 163, 164, 169, 171, 172, 189, 190, 191, 193, 194, 195, 196, 197, 198, 203, 205, 206, 214, 231, 232, 233, 235, 237, 238, 242, 243, 245, 246, 247, 248, 250, 251, 252, 259, 260, 262, 270, 272, 273, 274, 275, 280, 282, 283, 285, 286, 299], "excluded_lines": [], "functions": {"_is_valid_http_url": {"executed_lines": [32, 33, 34], "summary": {"covered_lines": 3, "num_statements": 3, "percent_covered": 100.0, "percent_covered_display": "100", "missing_lines": 0, "excluded_lines": 0, "percent_statements_covered": 100.0, "percent_statements_covered_display": "100"}, "missing_lines": [], "excluded_lines": [], "start_line": 31}, "_build_gitlab_webhook_target_url": {"executed_lines": [64, 65, 70], "summary": {"covered_lines": 3, "num_statements": 4, "percent_covered": 75.0, "percent_covered_display": "75", "missing_lines": 1, "excluded_lines": 0, "percent_statements_covered": 75.0, "percent_statements_covered_display": "75"}, "missing_lines": [66], "excluded_lines": [], "start_line": 63}, "_validate_gitlab_webhook_ready": {"executed_lines": [74, 75, 77, 78, 79, 80, 84], "summary": {"covered_lines": 7, "num_statements": 8, "percent_covered": 87.5, "percent_covered_display": "88", "missing_lines": 1, "excluded_lines": 0, "percent_statements_covered": 87.5, "percent_statements_covered_display": "88"}, "missing_lines": [76], "excluded_lines": [], "start_line": 73}, "_build_gitlab_project_webhook_status_response": {"executed_lines": [98, 99, 100, 101, 103, 104, 105, 106, 107, 108, 109, 110, 111, 113, 114, 115, 116, 117, 119, 121], "summary": {"covered_lines": 20, "num_statements": 21, "percent_covered": 95.23809523809524, "percent_covered_display": "95", "missing_lines": 1, "excluded_lines": 0, "percent_statements_covered": 95.23809523809524, "percent_statements_covered_display": "95"}, "missing_lines": [118], "excluded_lines": [], "start_line": 87}, "setup_gitlab_project_webhook": {"executed_lines": [], "summary": {"covered_lines": 0, "num_statements": 16, "percent_covered": 0.0, "percent_covered_display": "0", "missing_lines": 16, "excluded_lines": 0, "percent_statements_covered": 0.0, "percent_statements_covered_display": "0"}, "missing_lines": [146, 147, 148, 149, 150, 151, 152, 154, 155, 156, 157, 163, 164, 169, 171, 172], "excluded_lines": [], "start_line": 140}, "get_gitlab_project_webhook_status": {"executed_lines": [], "summary": {"covered_lines": 0, "num_statements": 13, "percent_covered": 0.0, "percent_covered_display": "0", "missing_lines": 13, "excluded_lines": 0, "percent_statements_covered": 0.0, "percent_statements_covered_display": "0"}, "missing_lines": [189, 190, 191, 193, 194, 195, 196, 197, 198, 203, 205, 206, 214], "excluded_lines": [], "start_line": 183}, "list_gitlab_project_webhook_statuses": {"executed_lines": [], "summary": {"covered_lines": 0, "num_statements": 15, "percent_covered": 0.0, "percent_covered_display": "0", "missing_lines": 15, "excluded_lines": 0, "percent_statements_covered": 0.0, "percent_statements_covered_display": "0"}, "missing_lines": [231, 232, 233, 235, 237, 272, 273, 274, 275, 280, 282, 283, 285, 286, 299], "excluded_lines": [], "start_line": 226}, "list_gitlab_project_webhook_statuses.collect_project_snapshots": {"executed_lines": [], "summary": {"covered_lines": 0, "num_statements": 14, "percent_covered": 0.0, "percent_covered_display": "0", "missing_lines": 14, "excluded_lines": 0, "percent_statements_covered": 0.0, "percent_statements_covered_display": "0"}, "missing_lines": [238, 242, 243, 245, 246, 247, 248, 250, 251, 252, 259, 260, 262, 270], "excluded_lines": [], "start_line": 237}, "": {"executed_lines": [3, 5, 6, 7, 8, 10, 11, 12, 13, 14, 16, 17, 18, 19, 20, 25, 27, 28, 31, 37, 38, 39, 40, 41, 42, 43, 46, 47, 48, 49, 50, 51, 52, 53, 54, 55, 56, 57, 58, 59, 60, 63, 73, 87, 139, 140, 182, 183, 225, 226], "summary": {"covered_lines": 50, "num_statements": 50, "percent_covered": 100.0, "percent_covered_display": "100", "missing_lines": 0, "excluded_lines": 0, "percent_statements_covered": 100.0, "percent_statements_covered_display": "100"}, "missing_lines": [], "excluded_lines": [], "start_line": 1}}, "classes": {"GitLabProjectWebhookSetupResponse": {"executed_lines": [], "summary": {"covered_lines": 0, "num_statements": 0, "percent_covered": 100.0, "percent_covered_display": "100", "missing_lines": 0, "excluded_lines": 0, "percent_statements_covered": 100.0, "percent_statements_covered_display": "100"}, "missing_lines": [], "excluded_lines": [], "start_line": 37}, "GitLabProjectWebhookStatusResponse": {"executed_lines": [], "summary": {"covered_lines": 0, "num_statements": 0, "percent_covered": 100.0, "percent_covered_display": "100", "missing_lines": 0, "excluded_lines": 0, "percent_statements_covered": 100.0, "percent_statements_covered_display": "100"}, "missing_lines": [], "excluded_lines": [], "start_line": 46}, "": {"executed_lines": [3, 5, 6, 7, 8, 10, 11, 12, 13, 14, 16, 17, 18, 19, 20, 25, 27, 28, 31, 32, 33, 34, 37, 38, 39, 40, 41, 42, 43, 46, 47, 48, 49, 50, 51, 52, 53, 54, 55, 56, 57, 58, 59, 60, 63, 64, 65, 70, 73, 74, 75, 77, 78, 79, 80, 84, 87, 98, 99, 100, 101, 103, 104, 105, 106, 107, 108, 109, 110, 111, 113, 114, 115, 116, 117, 119, 121, 139, 140, 182, 183, 225, 226], "summary": {"covered_lines": 83, "num_statements": 144, "percent_covered": 57.638888888888886, "percent_covered_display": "58", "missing_lines": 61, "excluded_lines": 0, "percent_statements_covered": 57.638888888888886, "percent_statements_covered_display": "58"}, "missing_lines": [66, 76, 118, 146, 147, 148, 149, 150, 151, 152, 154, 155, 156, 157, 163, 164, 169, 171, 172, 189, 190, 191, 193, 194, 195, 196, 197, 198, 203, 205, 206, 214, 231, 232, 233, 235, 237, 238, 242, 243, 245, 246, 247, 248, 250, 251, 252, 259, 260, 262, 270, 272, 273, 274, 275, 280, 282, 283, 285, 286, 299], "excluded_lines": [], "start_line": 1}}}, "app/api/projects.py": {"executed_lines": [3, 4, 6, 8, 9, 11, 12, 15, 16, 24, 26, 27, 34, 35], "summary": {"covered_lines": 14, "num_statements": 23, "percent_covered": 60.869565217391305, "percent_covered_display": "61", "missing_lines": 9, "excluded_lines": 0, "percent_statements_covered": 60.869565217391305, "percent_statements_covered_display": "61"}, "missing_lines": [25, 28, 29, 30, 31, 47, 48, 49, 50], "excluded_lines": [], "functions": {"list_projects": {"executed_lines": [24, 26, 27], "summary": {"covered_lines": 3, "num_statements": 8, "percent_covered": 37.5, "percent_covered_display": "38", "missing_lines": 5, "excluded_lines": 0, "percent_statements_covered": 37.5, "percent_statements_covered_display": "38"}, "missing_lines": [25, 28, 29, 30, 31], "excluded_lines": [], "start_line": 16}, "list_branches": {"executed_lines": [], "summary": {"covered_lines": 0, "num_statements": 4, "percent_covered": 0.0, "percent_covered_display": "0", "missing_lines": 4, "excluded_lines": 0, "percent_statements_covered": 0.0, "percent_statements_covered_display": "0"}, "missing_lines": [47, 48, 49, 50], "excluded_lines": [], "start_line": 35}, "": {"executed_lines": [3, 4, 6, 8, 9, 11, 12, 15, 16, 34, 35], "summary": {"covered_lines": 11, "num_statements": 11, "percent_covered": 100.0, "percent_covered_display": "100", "missing_lines": 0, "excluded_lines": 0, "percent_statements_covered": 100.0, "percent_statements_covered_display": "100"}, "missing_lines": [], "excluded_lines": [], "start_line": 1}}, "classes": {"": {"executed_lines": [3, 4, 6, 8, 9, 11, 12, 15, 16, 24, 26, 27, 34, 35], "summary": {"covered_lines": 14, "num_statements": 23, "percent_covered": 60.869565217391305, "percent_covered_display": "61", "missing_lines": 9, "excluded_lines": 0, "percent_statements_covered": 60.869565217391305, "percent_statements_covered_display": "61"}, "missing_lines": [25, 28, 29, 30, 31, 47, 48, 49, 50], "excluded_lines": [], "start_line": 1}}}, "app/api/prompt_templates.py": {"executed_lines": [3, 4, 5, 7, 8, 9, 10, 12, 13, 14, 16, 17, 21, 22, 23, 24, 25, 28, 29, 30, 31, 32, 35, 36, 37, 38, 39, 40, 41, 42, 45, 46, 49, 50, 55, 58, 59, 73, 74, 80, 86, 87, 88, 89, 100, 101, 107, 110, 111, 112, 116, 127, 128, 135, 138, 139, 145, 146, 147, 148, 149, 151, 152, 154, 155, 156, 167, 168, 174, 177, 178, 179, 184, 185, 186], "summary": {"covered_lines": 75, "num_statements": 77, "percent_covered": 97.40259740259741, "percent_covered_display": "97", "missing_lines": 2, "excluded_lines": 0, "percent_statements_covered": 97.40259740259741, "percent_statements_covered_display": "97"}, "missing_lines": [140, 150], "excluded_lines": [], "functions": {"list_prompt_templates": {"executed_lines": [55, 58, 59], "summary": {"covered_lines": 3, "num_statements": 3, "percent_covered": 100.0, "percent_covered_display": "100", "missing_lines": 0, "excluded_lines": 0, "percent_statements_covered": 100.0, "percent_statements_covered_display": "100"}, "missing_lines": [], "excluded_lines": [], "start_line": 50}, "create_prompt_template": {"executed_lines": [80, 86, 87, 88, 89], "summary": {"covered_lines": 5, "num_statements": 5, "percent_covered": 100.0, "percent_covered_display": "100", "missing_lines": 0, "excluded_lines": 0, "percent_statements_covered": 100.0, "percent_statements_covered_display": "100"}, "missing_lines": [], "excluded_lines": [], "start_line": 74}, "get_prompt_template": {"executed_lines": [107, 110, 111, 112, 116], "summary": {"covered_lines": 5, "num_statements": 5, "percent_covered": 100.0, "percent_covered_display": "100", "missing_lines": 0, "excluded_lines": 0, "percent_statements_covered": 100.0, "percent_statements_covered_display": "100"}, "missing_lines": [], "excluded_lines": [], "start_line": 101}, "update_prompt_template": {"executed_lines": [135, 138, 139, 145, 146, 147, 148, 149, 151, 152, 154, 155, 156], "summary": {"covered_lines": 13, "num_statements": 15, "percent_covered": 86.66666666666667, "percent_covered_display": "87", "missing_lines": 2, "excluded_lines": 0, "percent_statements_covered": 86.66666666666667, "percent_statements_covered_display": "87"}, "missing_lines": [140, 150], "excluded_lines": [], "start_line": 128}, "delete_prompt_template": {"executed_lines": [174, 177, 178, 179, 184, 185, 186], "summary": {"covered_lines": 7, "num_statements": 7, "percent_covered": 100.0, "percent_covered_display": "100", "missing_lines": 0, "excluded_lines": 0, "percent_statements_covered": 100.0, "percent_statements_covered_display": "100"}, "missing_lines": [], "excluded_lines": [], "start_line": 168}, "": {"executed_lines": [3, 4, 5, 7, 8, 9, 10, 12, 13, 14, 16, 17, 21, 22, 23, 24, 25, 28, 29, 30, 31, 32, 35, 36, 37, 38, 39, 40, 41, 42, 45, 46, 49, 50, 73, 74, 100, 101, 127, 128, 167, 168], "summary": {"covered_lines": 42, "num_statements": 42, "percent_covered": 100.0, "percent_covered_display": "100", "missing_lines": 0, "excluded_lines": 0, "percent_statements_covered": 100.0, "percent_statements_covered_display": "100"}, "missing_lines": [], "excluded_lines": [], "start_line": 1}}, "classes": {"PromptTemplateCreate": {"executed_lines": [], "summary": {"covered_lines": 0, "num_statements": 0, "percent_covered": 100.0, "percent_covered_display": "100", "missing_lines": 0, "excluded_lines": 0, "percent_statements_covered": 100.0, "percent_statements_covered_display": "100"}, "missing_lines": [], "excluded_lines": [], "start_line": 21}, "PromptTemplateUpdate": {"executed_lines": [], "summary": {"covered_lines": 0, "num_statements": 0, "percent_covered": 100.0, "percent_covered_display": "100", "missing_lines": 0, "excluded_lines": 0, "percent_statements_covered": 100.0, "percent_statements_covered_display": "100"}, "missing_lines": [], "excluded_lines": [], "start_line": 28}, "PromptTemplateResponse": {"executed_lines": [], "summary": {"covered_lines": 0, "num_statements": 0, "percent_covered": 100.0, "percent_covered_display": "100", "missing_lines": 0, "excluded_lines": 0, "percent_statements_covered": 100.0, "percent_statements_covered_display": "100"}, "missing_lines": [], "excluded_lines": [], "start_line": 35}, "DeleteResponse": {"executed_lines": [], "summary": {"covered_lines": 0, "num_statements": 0, "percent_covered": 100.0, "percent_covered_display": "100", "missing_lines": 0, "excluded_lines": 0, "percent_statements_covered": 100.0, "percent_statements_covered_display": "100"}, "missing_lines": [], "excluded_lines": [], "start_line": 45}, "": {"executed_lines": [3, 4, 5, 7, 8, 9, 10, 12, 13, 14, 16, 17, 21, 22, 23, 24, 25, 28, 29, 30, 31, 32, 35, 36, 37, 38, 39, 40, 41, 42, 45, 46, 49, 50, 55, 58, 59, 73, 74, 80, 86, 87, 88, 89, 100, 101, 107, 110, 111, 112, 116, 127, 128, 135, 138, 139, 145, 146, 147, 148, 149, 151, 152, 154, 155, 156, 167, 168, 174, 177, 178, 179, 184, 185, 186], "summary": {"covered_lines": 75, "num_statements": 77, "percent_covered": 97.40259740259741, "percent_covered_display": "97", "missing_lines": 2, "excluded_lines": 0, "percent_statements_covered": 97.40259740259741, "percent_statements_covered_display": "97"}, "missing_lines": [140, 150], "excluded_lines": [], "start_line": 1}}}, "app/api/stats.py": {"executed_lines": [3, 5, 6, 7, 8, 9, 11, 12, 13, 15, 16, 17, 18, 19, 21, 22, 24, 30, 46, 47, 89, 90, 91, 99, 105, 106, 108, 110, 113, 114, 122, 123, 124, 125, 126, 127, 128, 130, 131, 132, 133, 142, 143, 146, 147, 148, 150, 151, 152, 153, 154, 157, 158, 159, 161, 162, 163, 164, 167, 168, 177, 178, 183, 184, 187, 195, 196, 198, 199, 206, 213, 220, 225, 251, 252, 274, 307, 313, 314, 319, 329, 334, 336, 366, 372, 374, 401, 407, 408, 410, 421, 427, 429, 439, 445, 450, 452, 453, 454, 455, 456, 473, 474, 476], "summary": {"covered_lines": 104, "num_statements": 127, "percent_covered": 81.88976377952756, "percent_covered_display": "82", "missing_lines": 23, "excluded_lines": 0, "percent_statements_covered": 81.88976377952756, "percent_statements_covered_display": "82"}, "missing_lines": [57, 58, 59, 60, 61, 63, 65, 66, 69, 70, 71, 76, 78, 93, 94, 95, 96, 107, 109, 185, 188, 189, 190], "excluded_lines": [], "functions": {"get_stats": {"executed_lines": [], "summary": {"covered_lines": 0, "num_statements": 13, "percent_covered": 0.0, "percent_covered_display": "0", "missing_lines": 13, "excluded_lines": 0, "percent_statements_covered": 0.0, "percent_statements_covered_display": "0"}, "missing_lines": [57, 58, 59, 60, 61, 63, 65, 66, 69, 70, 71, 76, 78], "excluded_lines": [], "start_line": 47}, "_apply_project_scope": {"executed_lines": [90, 91], "summary": {"covered_lines": 2, "num_statements": 6, "percent_covered": 33.333333333333336, "percent_covered_display": "33", "missing_lines": 4, "excluded_lines": 0, "percent_statements_covered": 33.333333333333336, "percent_statements_covered_display": "33"}, "missing_lines": [93, 94, 95, 96], "excluded_lines": [], "start_line": 89}, "_apply_analytics_filters": {"executed_lines": [105, 106, 108, 110], "summary": {"covered_lines": 4, "num_statements": 6, "percent_covered": 66.66666666666667, "percent_covered_display": "67", "missing_lines": 2, "excluded_lines": 0, "percent_statements_covered": 66.66666666666667, "percent_statements_covered_display": "67"}, "missing_lines": [107, 109], "excluded_lines": [], "start_line": 99}, "_build_error_breakdown": {"executed_lines": [114, 122, 123, 124, 125, 126, 127, 128, 130, 131, 132, 133, 142, 143], "summary": {"covered_lines": 14, "num_statements": 14, "percent_covered": 100.0, "percent_covered_display": "100", "missing_lines": 0, "excluded_lines": 0, "percent_statements_covered": 100.0, "percent_statements_covered_display": "100"}, "missing_lines": [], "excluded_lines": [], "start_line": 113}, "_categorize_error_message": {"executed_lines": [147, 148, 150, 151, 152, 153, 154], "summary": {"covered_lines": 7, "num_statements": 7, "percent_covered": 100.0, "percent_covered_display": "100", "missing_lines": 0, "excluded_lines": 0, "percent_statements_covered": 100.0, "percent_statements_covered_display": "100"}, "missing_lines": [], "excluded_lines": [], "start_line": 146}, "_summarize_error_message": {"executed_lines": [158, 159, 161, 162, 163, 164], "summary": {"covered_lines": 6, "num_statements": 6, "percent_covered": 100.0, "percent_covered_display": "100", "missing_lines": 0, "excluded_lines": 0, "percent_statements_covered": 100.0, "percent_statements_covered_display": "100"}, "missing_lines": [], "excluded_lines": [], "start_line": 157}, "get_analytics": {"executed_lines": [177, 178, 183, 184, 187, 195, 196, 198, 199, 206, 213, 220, 225, 251, 252, 274, 307, 313, 314, 319, 329, 334, 336, 366, 372, 374, 401, 407, 408, 410, 421, 427, 429, 439, 445, 450, 452, 453, 454, 455, 456, 473, 474, 476], "summary": {"covered_lines": 44, "num_statements": 48, "percent_covered": 91.66666666666667, "percent_covered_display": "92", "missing_lines": 4, "excluded_lines": 0, "percent_statements_covered": 91.66666666666667, "percent_statements_covered_display": "92"}, "missing_lines": [185, 188, 189, 190], "excluded_lines": [], "start_line": 168}, "": {"executed_lines": [3, 5, 6, 7, 8, 9, 11, 12, 13, 15, 16, 17, 18, 19, 21, 22, 24, 30, 46, 47, 89, 99, 113, 146, 157, 167, 168], "summary": {"covered_lines": 27, "num_statements": 27, "percent_covered": 100.0, "percent_covered_display": "100", "missing_lines": 0, "excluded_lines": 0, "percent_statements_covered": 100.0, "percent_statements_covered_display": "100"}, "missing_lines": [], "excluded_lines": [], "start_line": 1}}, "classes": {"": {"executed_lines": [3, 5, 6, 7, 8, 9, 11, 12, 13, 15, 16, 17, 18, 1
[...]
 304, 305, 306, 307, 312, 315, 317, 318, 319, 320, 323, 324, 325, 326, 327, 332, 335, 337, 338, 339, 342, 343], "summary": {"covered_lines": 161, "num_statements": 161, "percent_covered": 100.0, "percent_covered_display": "100", "missing_lines": 0, "excluded_lines": 0, "percent_statements_covered": 100.0, "percent_statements_covered_display": "100"}, "missing_lines": [], "excluded_lines": [], "start_line": 1}}}, "app/page_permissions.py": {"executed_lines": [3, 5, 7, 8, 10, 18, 23, 24, 25, 27, 28, 30, 31, 33, 34, 35, 36, 39, 45, 46], "summary": {"covered_lines": 20, "num_statements": 20, "percent_covered": 100.0, "percent_covered_display": "100", "missing_lines": 0, "excluded_lines": 0, "percent_statements_covered": 100.0, "percent_statements_covered_display": "100"}, "missing_lines": [], "excluded_lines": [], "functions": {"get_page_permissions": {"executed_lines": [23, 24, 25, 27, 28, 30, 31, 33, 34, 35, 36], "summary": {"covered_lines": 11, "num_statements": 11, "percent_covered": 100.0, "percent_covered_display": "100", "missing_lines": 0, "excluded_lines": 0, "percent_statements_covered": 100.0, "percent_statements_covered_display": "100"}, "missing_lines": [], "excluded_lines": [], "start_line": 18}, "can_access_page": {"executed_lines": [45, 46], "summary": {"covered_lines": 2, "num_statements": 2, "percent_covered": 100.0, "percent_covered_display": "100", "missing_lines": 0, "excluded_lines": 0, "percent_statements_covered": 100.0, "percent_statements_covered_display": "100"}, "missing_lines": [], "excluded_lines": [], "start_line": 39}, "": {"executed_lines": [3, 5, 7, 8, 10, 18, 39], "summary": {"covered_lines": 7, "num_statements": 7, "percent_covered": 100.0, "percent_covered_display": "100", "missing_lines": 0, "excluded_lines": 0, "percent_statements_covered": 100.0, "percent_statements_covered_display": "100"}, "missing_lines": [], "excluded_lines": [], "start_line": 1}}, "classes": {"": {"executed_lines": [3, 5, 7, 8, 10, 18, 23, 24, 25, 27, 28, 30, 31, 33, 34, 35, 36, 39, 45, 46], "summary": {"covered_lines": 20, "num_statements": 20, "percent_covered": 100.0, "percent_covered_display": "100", "missing_lines": 0, "excluded_lines": 0, "percent_statements_covered": 100.0, "percent_statements_covered_display": "100"}, "missing_lines": [], "excluded_lines": [], "start_line": 1}}}, "app/project_webhook_config.py": {"executed_lines": [3, 5, 7, 9, 10, 13, 15, 16, 17, 18, 21, 23, 26, 28, 29, 30, 31, 34], "summary": {"covered_lines": 18, "num_statements": 19, "percent_covered": 94.73684210526316, "percent_covered_display": "95", "missing_lines": 1, "excluded_lines": 0, "percent_statements_covered": 94.73684210526316, "percent_statements_covered_display": "95"}, "missing_lines": [33], "excluded_lines": [], "functions": {"get_project_webhook_secret": {"executed_lines": [15, 16, 17, 18], "summary": {"covered_lines": 4, "num_statements": 4, "percent_covered": 100.0, "percent_covered_display": "100", "missing_lines": 0, "excluded_lines": 0, "percent_statements_covered": 100.0, "percent_statements_covered_display": "100"}, "missing_lines": [], "excluded_lines": [], "start_line": 13}, "has_project_webhook_secret": {"executed_lines": [23], "summary": {"covered_lines": 1, "num_statements": 1, "percent_covered": 100.0, "percent_covered_display": "100", "missing_lines": 0, "excluded_lines": 0, "percent_statements_covered": 100.0, "percent_statements_covered_display": "100"}, "missing_lines": [], "excluded_lines": [], "start_line": 21}, "save_project_webhook_secret": {"executed_lines": [28, 29, 30, 31, 34], "summary": {"covered_lines": 5, "num_statements": 6, "percent_covered": 83.33333333333333, "percent_covered_display": "83", "missing_lines": 1, "excluded_lines": 0, "percent_statements_covered": 83.33333333333333, "percent_statements_covered_display": "83"}, "missing_lines": [33], "excluded_lines": [], "start_line": 26}, "": {"executed_lines": [3, 5, 7, 9, 10, 13, 21, 26], "summary": {"covered_lines": 8, "num_statements": 8, "percent_covered": 100.0, "percent_covered_display": "100", "missing_lines": 0, "excluded_lines": 0, "percent_statements_covered": 100.0, "percent_statements_covered_display": "100"}, "missing_lines": [], "excluded_lines": [], "start_line": 1}}, "classes": {"": {"executed_lines": [3, 5, 7, 9, 10, 13, 15, 16, 17, 18, 21, 23, 26, 28, 29, 30, 31, 34], "summary": {"covered_lines": 18, "num_statements": 19, "percent_covered": 94.73684210526316, "percent_covered_display": "95", "missing_lines": 1, "excluded_lines": 0, "percent_statements_covered": 94.73684210526316, "percent_statements_covered_display": "95"}, "missing_lines": [33], "excluded_lines": [], "start_line": 1}}}, "app/runtime_config.py": {"executed_lines": [3, 5, 6, 8, 9, 11, 19, 24, 25, 27, 30, 31, 32, 34, 35, 36, 37, 39, 42, 43, 44, 46, 48, 49, 50, 52, 55, 57, 58, 62, 63, 64, 66, 67, 70, 71, 75, 76, 79, 85, 86, 87, 88, 90, 91, 93, 94, 97, 107, 109, 110, 111, 113, 114], "summary": {"covered_lines": 54, "num_statements": 67, "percent_covered": 80.59701492537313, "percent_covered_display": "81", "missing_lines": 13, "excluded_lines": 0, "percent_statements_covered": 80.59701492537313, "percent_statements_covered_display": "81"}, "missing_lines": [38, 51, 59, 60, 68, 69, 72, 73, 99, 100, 101, 103, 104], "excluded_lines": [], "functions": {"_serialize_runtime_value": {"executed_lines": [31, 32, 34, 35, 36, 37, 39], "summary": {"covered_lines": 7, "num_statements": 8, "percent_covered": 87.5, "percent_covered_display": "88", "missing_lines": 1, "excluded_lines": 0, "percent_statements_covered": 87.5, "percent_statements_covered_display": "88"}, "missing_lines": [38], "excluded_lines": [], "start_line": 30}, "_deserialize_runtime_value": {"executed_lines": [43, 44, 46, 48, 49, 50, 52], "summary": {"covered_lines": 7, "num_statements": 8, "percent_covered": 87.5, "percent_covered_display": "88", "missing_lines": 1, "excluded_lines": 0, "percent_statements_covered": 87.5, "percent_statements_covered_display": "88"}, "missing_lines": [51], "excluded_lines": [], "start_line": 42}, "load_runtime_config_from_db": {"executed_lines": [57, 58, 62, 63, 64, 66, 67, 70, 71, 75, 76], "summary": {"covered_lines": 11, "num_statements": 17, "percent_covered": 64.70588235294117, "percent_covered_display": "65", "missing_lines": 6, "excluded_lines": 0, "percent_statements_covered": 64.70588235294117, "percent_statements_covered_display": "65"}, "missing_lines": [59, 60, 68, 69, 72, 73], "excluded_lines": [], "start_line": 55}, "save_runtime_config_override": {"executed_lines": [85, 86, 87, 88, 90, 91, 93, 94], "summary": {"covered_lines": 8, "num_statements": 8, "percent_covered": 100.0, "percent_covered_display": "100", "missing_lines": 0, "excluded_lines": 0, "percent_statements_covered": 100.0, "percent_statements_covered_display": "100"}, "missing_lines": [], "excluded_lines": [], "start_line": 79}, "reset_runtime_config_override": {"executed_lines": [], "summary": {"covered_lines": 0, "num_statements": 5, "percent_covered": 0.0, "percent_covered_display": "0", "missing_lines": 5, "excluded_lines": 0, "percent_statements_covered": 0.0, "percent_statements_covered_display": "0"}, "missing_lines": [99, 100, 101, 103, 104], "excluded_lines": [], "start_line": 97}, "reset_all_runtime_config_overrides": {"executed_lines": [109, 110, 111, 113, 114], "summary": {"covered_lines": 5, "num_statements": 5, "percent_covered": 100.0, "percent_covered_display": "100", "missing_lines": 0, "excluded_lines": 0, "percent_statements_covered": 100.0, "percent_statements_covered_display": "100"}, "missing_lines": [], "excluded_lines": [], "start_line": 107}, "": {"executed_lines": [3, 5, 6, 8, 9, 11, 19, 24, 25, 27, 30, 42, 55, 79, 97, 107], "summary": {"covered_lines": 16, "num_statements": 16, "percent_covered": 100.0, "percent_covered_display": "100", "missing_lines": 0, "excluded_lines": 0, "percent_statements_covered": 100.0, "percent_statements_covered_display": "100"}, "missing_lines": [], "excluded_lines": [], "start_line": 1}}, "classes": {"": {"executed_lines": [3, 5, 6, 8, 9, 11, 19, 24, 25, 27, 30, 31, 32, 34, 35, 36, 37, 39, 42, 43, 44, 46, 48, 49, 50, 52, 55, 57, 58, 62, 63, 64, 66, 67, 70, 71, 75, 76, 79, 85, 86, 87, 88, 90, 91, 93, 94, 97, 107, 109, 110, 111, 113, 114], "summary": {"covered_lines": 54, "num_statements": 67, "percent_covered": 80.59701492537313, "percent_covered_display": "81", "missing_lines": 13, "excluded_lines": 0, "percent_statements_covered": 80.59701492537313, "percent_statements_covered_display": "81"}, "missing_lines": [38, 51, 59, 60, 68, 69, 72, 73, 99, 100, 101, 103, 104], "excluded_lines": [], "start_line": 1}}}, "app/scheduler.py": {"executed_lines": [2, 4, 5, 6, 7, 8, 9, 10, 12, 13, 15, 16, 17, 18, 19, 20, 21, 23, 24, 27, 30, 33, 36, 37, 38, 39, 40, 42, 63, 68, 96, 108, 110, 113, 115, 117, 123, 132, 134, 164, 199, 252, 255, 263, 269, 275, 286, 287, 290, 291, 292, 295, 303, 310, 312, 313, 314, 315, 318, 319, 321, 322, 324, 325, 327, 328], "summary": {"covered_lines": 66, "num_statements": 177, "percent_covered": 37.28813559322034, "percent_covered_display": "37", "missing_lines": 111, "excluded_lines": 0, "percent_statements_covered": 37.28813559322034, "percent_statements_covered_display": "37"}, "missing_lines": [44, 45, 48, 49, 50, 51, 53, 54, 55, 56, 57, 58, 59, 61, 65, 66, 70, 71, 72, 73, 75, 77, 78, 79, 82, 83, 84, 85, 88, 89, 90, 91, 94, 98, 99, 100, 102, 103, 104, 105, 106, 136, 139, 140, 142, 144, 145, 146, 150, 151, 153, 154, 155, 156, 157, 158, 161, 162, 166, 167, 168, 169, 175, 176, 178, 180, 181, 185, 187, 188, 189, 192, 193, 194, 195, 196, 197, 201, 203, 205, 208, 210, 211, 214, 215, 216, 221, 224, 225, 228, 229, 230, 231, 232, 234, 236, 237, 240, 241, 242, 243, 244, 246, 248, 258, 259, 260, 265, 266, 271, 272], "excluded_lines": [], "functions": {"Scheduler.__init__": {"executed_lines": [37, 38, 39, 40], "summary": {"covered_lines": 4, "num_statements": 4, "percent_covered": 100.0, "percent_covered_display": "100", "missing_lines": 0, "excluded_lines": 0, "percent_statements_covered": 100.0, "percent_statements_covered_display": "100"}, "missing_lines": [], "excluded_lines": [], "start_line": 36}, "Scheduler.start": {"executed_lines": [], "summary": {"covered_lines": 0, "num_statements": 14, "percent_covered": 0.0, "percent_covered_display": "0", "missing_lines": 14, "excluded_lines": 0, "percent_statements_covered": 0.0, "percent_statements_covered_display": "0"}, "missing_lines": [44, 45, 48, 49, 50, 51, 53, 54, 55, 56, 57, 58, 59, 61], "excluded_lines": [], "start_line": 42}, "Scheduler.stop": {"executed_lines": [], "summary": {"covered_lines": 0, "num_statements": 2, "percent_covered": 0.0, "percent_covered_display": "0", "missing_lines": 2, "excluded_lines": 0, "percent_statements_covered": 0.0, "percent_statements_covered_display": "0"}, "missing_lines": [65, 66], "excluded_lines": [], "start_line": 63}, "Scheduler._run_cycle": {"executed_lines": [], "summary": {"covered_lines": 0, "num_statements": 17, "percent_covered": 0.0, "percent_covered_display": "0", "missing_lines": 17, "excluded_lines": 0, "percent_statements_covered": 0.0, "percent_statements_covered_display": "0"}, "missing_lines": [70, 71, 72, 73, 75, 77, 78, 79, 82, 83, 84, 85, 88, 89, 90, 91, 94], "excluded_lines": [], "start_line": 68}, "Scheduler._maybe_cleanup_sessions": {"executed_lines": [], "summary": {"covered_lines": 0, "num_statements": 8, "percent_covered": 0.0, "percent_covered_display": "0", "missing_lines": 8, "excluded_lines": 0, "percent_statements_covered": 0.0, "percent_statements_covered_display": "0"}, "missing_lines": [98, 99, 100, 102, 103, 104, 105, 106], "excluded_lines": [], "start_line": 96}, "Scheduler._get_running_count": {"executed_lines": [110, 113], "summary": {"covered_lines": 2, "num_statements": 2, "percent_covered": 100.0, "percent_covered_display": "100", "missing_lines": 0, "excluded_lines": 0, "percent_statements_covered": 100.0, "percent_statements_covered_display": "100"}, "missing_lines": [], "excluded_lines": [], "start_line": 108}, "Scheduler._get_next_task": {"executed_lines": [117, 123, 132], "summary": {"covered_lines": 3, "num_statements": 3, "percent_covered": 100.0, "percent_covered_display": "100", "missing_lines": 0, "excluded_lines": 0, "percent_statements_covered": 100.0, "percent_statements_covered_display": "100"}, "missing_lines": [], "excluded_lines": [], "start_line": 115}, "Scheduler._execute_task": {"executed_lines": [], "summary": {"covered_lines": 0, "num_statements": 17, "percent_covered": 0.0, "percent_covered_display": "0", "missing_lines": 17, "excluded_lines": 0, "percent_statements_covered": 0.0, "percent_statements_covered_display": "0"}, "missing_lines": [136, 139, 140, 142, 144, 145, 146, 150, 151, 153, 154, 155, 156, 157, 158, 161, 162], "excluded_lines": [], "start_line": 134}, "Scheduler._run_task_background": {"executed_lines": [], "summary": {"covered_lines": 0, "num_statements": 19, "percent_covered": 0.0, "percent_covered_display": "0", "missing_lines": 19, "excluded_lines": 0, "percent_statements_covered": 0.0, "percent_statements_covered_display": "0"}, "missing_lines": [166, 167, 168, 169, 175, 176, 178, 180, 181, 185, 187, 188, 189, 192, 193, 194, 195, 196, 197], "excluded_lines": [], "start_line": 164}, "Scheduler._crash_recovery": {"executed_lines": [], "summary": {"covered_lines": 0, "num_statements": 27, "percent_covered": 0.0, "percent_covered_display": "0", "missing_lines": 27, "excluded_lines": 0, "percent_statements_covered": 0.0, "percent_statements_covered_display": "0"}, "missing_lines": [201, 203, 205, 208, 210, 211, 214, 215, 216, 221, 224, 225, 228, 229, 230, 231, 232, 234, 236, 237, 240, 241, 242, 243, 244, 246, 248], "excluded_lines": [], "start_line": 199}, "get_scheduler": {"executed_lines": [], "summary": {"covered_lines": 0, "num_statements": 3, "percent_covered": 0.0, "percent_covered_display": "0", "missing_lines": 3, "excluded_lines": 0, "percent_statements_covered": 0.0, "percent_statements_covered_display": "0"}, "missing_lines": [258, 259, 260], "excluded_lines": [], "start_line": 255}, "start_scheduler": {"executed_lines": [], "summary": {"covered_lines": 0, "num_statements": 2, "percent_covered": 0.0, "percent_covered_display": "0", "missing_lines": 2, "excluded_lines": 0, "percent_statements_covered": 0.0, "percent_statements_covered_display": "0"}, "missing_lines": [265, 266], "excluded_lines": [], "start_line": 263}, "stop_scheduler": {"executed_lines": [], "summary": {"covered_lines": 0, "num_statements": 2, "percent_covered": 0.0, "percent_covered_display": "0", "missing_lines": 2, "excluded_lines": 0, "percent_statements_covered": 0.0, "percent_statements_covered_display": "0"}, "missing_lines": [271, 272], "excluded_lines": [], "start_line": 269}, "_run_worker_task": {"executed_lines": [286, 287, 290, 291, 292, 295, 303, 310, 312, 318, 319, 321, 322, 324, 325, 327, 328], "summary": {"covered_lines": 17, "num_statements": 17, "percent_covered": 100.0, "percent_covered_display": "100", "missing_lines": 0, "excluded_lines": 0, "percent_statements_covered": 100.0, "percent_statements_covered_display": "100"}, "missing_lines": [], "excluded_lines": [], "start_line": 275}, "_run_worker_task.run_task": {"executed_lines": [313, 314, 315], "summary": {"covered_lines": 3, "num_statements": 3, "percent_covered": 100.0, "percent_covered_display": "100", "missing_lines": 0, "excluded_lines": 0, "percent_statements_covered": 100.0, "percent_statements_covered_display": "100"}, "missing_lines": [], "excluded_lines": [], "start_line": 312}, "": {"executed_lines": [2, 4, 5, 6, 7, 8, 9, 10, 12, 13, 15, 16, 17, 18, 19, 20, 21, 23, 24, 27, 30, 33, 36, 42, 63, 68, 96, 108, 115, 134, 164, 199, 252, 255, 263, 269, 275], "summary": {"covered_lines": 37, "num_statements": 37, "percent_covered": 100.0, "percent_covered_display": "100", "missing_lines": 0, "excluded_lines": 0, "percent_statements_covered": 100.0, "percent_statements_covered_display": "100"}, "missing_lines": [], "excluded_lines": [], "start_line": 1}}, "classes": {"Scheduler": {"executed_lines": [37, 38, 39, 40, 110, 113, 117, 123, 132], "summary": {"covered_lines": 9, "num_statements": 113, "percent_covered": 7.964601769911504, "percent_covered_display": "8", "missing_lines": 104, "excluded_lines": 0, "percent_statements_covered": 7.964601769911504, "percent_statements_covered_display": "8"}, "missing_lines": [44, 45, 48, 49, 50, 51, 53, 54, 55, 56, 57, 58, 59, 61, 65, 66, 70, 71, 72, 73, 75, 77, 78, 79, 82, 83, 84, 85, 88, 89, 90, 91, 94, 98, 99, 100, 102, 103, 104, 105, 106, 136, 139, 140, 142, 144, 145, 146, 150, 151, 153, 154, 155, 156, 157, 158, 161, 162, 166, 167, 168, 169, 175, 176, 178, 180, 181, 185, 187, 188, 189, 192, 193, 194, 195, 196, 197, 201, 203, 205, 208, 210, 211, 214, 215, 216, 221, 224, 225, 228, 229, 230, 231, 232, 234, 236, 237, 240, 241, 242, 243, 244, 246, 248], "excluded_lines": [], "start_line": 33}, "": {"executed_lines": [2, 4, 5, 6, 7, 8, 9, 10, 12, 13, 15, 16, 17, 18, 19, 20, 21, 23, 24, 27, 30, 33, 36, 42, 63, 68, 96, 108, 115, 134, 164, 199, 252, 255, 263, 269, 275, 286, 287, 290, 291, 292, 295, 303, 310, 312, 313, 314, 315, 318, 319, 321, 322, 324, 325, 327, 328], "summary": {"covered_lines": 57, "num_statements": 64, "percent_covered": 89.0625, "percent_covered_display": "89", "missing_lines": 7, "excluded_lines": 0, "percent_statements_covered": 89.0625, "percent_statements_covered_display": "89"}, "missing_lines": [258, 259, 260, 265, 266, 271, 272], "excluded_lines": [], "start_line": 1}}}, "app/scheduler_service.py": {"executed_lines": [3, 4, 5, 7, 8, 9, 10, 11, 13, 16, 21, 24, 26, 29, 31, 32, 33, 35, 36, 37, 38, 43, 44, 46, 51, 54, 55, 56, 57, 59, 60, 62, 63, 66, 71], "summary": {"covered_lines": 35, "num_statements": 40, "percent_covered": 87.5, "percent_covered_display": "88", "missing_lines": 5, "excluded_lines": 0, "percent_statements_covered": 87.5, "percent_statements_covered_display": "88"}, "missing_lines": [39, 41, 52, 68, 72], "excluded_lines": [], "functions": {"run_scheduler_service": {"executed_lines": [26, 29, 31, 32, 33, 35, 36, 37, 38, 43, 44, 46, 51, 54, 55, 56, 57, 59, 60, 62, 63], "summary": {"covered_lines": 21, "num_statements": 24, "percent_covered": 87.5, "percent_covered_display": "88", "missing_lines": 3, "excluded_lines": 0, "percent_statements_covered": 87.5, "percent_statements_covered_display": "88"}, "missing_lines": [39, 41, 52], "excluded_lines": [], "start_line": 24}, "main": {"executed_lines": [], "summary": {"covered_lines": 0, "num_statements": 1, "percent_covered": 0.0, "percent_covered_display": "0", "missing_lines": 1, "excluded_lines": 0, "percent_statements_covered": 0.0, "percent_statements_covered_display": "0"}, "missing_lines": [68], "excluded_lines": [], "start_line": 66}, "": {"executed_lines": [3, 4, 5, 7, 8, 9, 10, 11, 13, 16, 21, 24, 66, 71], "summary": {"covered_lines": 14, "num_statements": 15, "percent_covered": 93.33333333333333, "percent_covered_display": "93", "missing_lines": 1, "excluded_lines": 0, "percent_statements_covered": 93.33333333333333, "percent_statements_covered_display": "93"}, "missing_lines": [72], "excluded_lines": [], "start_line": 1}}, "classes": {"": {"executed_lines": [3, 4, 5, 7, 8, 9, 10, 11, 13, 16, 21, 24, 26, 29, 31, 32, 33, 35, 36, 37, 38, 43, 44, 46, 51, 54, 55, 56, 57, 59, 60, 62, 63, 66, 71], "summary": {"covered_lines": 35, "num_statements": 40, "percent_covered": 87.5, "percent_covered_display": "88", "missing_lines": 5, "excluded_lines": 0, "percent_statements_covered": 87.5, "percent_statements_covered_display": "88"}, "missing_lines": [39, 41, 52, 68, 72], "excluded_lines": [], "start_line": 1}}}}, "totals": {"covered_lines": 3040, "num_statements": 4822, "percent_covered": 63.044379925342184, "percent_covered_display": "63", "missing_lines": 1782, "excluded_lines": 5, "percent_statements_covered": 63.044379925342184, "percent_statements_covered_display": "63"}}